<?xml version="1.0" encoding="UTF-8"?>
<testsuite xmlns:xsi="http://www.w3.org/2001/XMLSchema-instance" xsi:noNamespaceSchemaLocation="https://maven.apache.org/surefire/maven-surefire-plugin/xsd/surefire-test-report.xsd" version="3.0.2" name="com.portfolio.chatbot.PortfolioAssistantControllerDisabledTest" time="0.108" tests="3" errors="0" skipped="0" failures="0" flakes="0">
  <properties>
[...]
</properties>
  <testcase name="health_reportsDegradedWhenDisabled" classname="com.portfolio.chatbot.PortfolioAssistantControllerDisabledTest" time="0.004">
    <system-out><![CDATA[2026-05-28T19:04:10.836-07:00  INFO 59915 --- [portfolio-chatbot-backend] [           main] t.c.s.AnnotationConfigContextLoaderUtils : Could not detect default configuration classes for test class [com.portfolio.chatbot.PortfolioAssistantControllerDisabledTest]: PortfolioAssistantControllerDisabledTest does not declare any static, non-private, non-final, nested classes annotated with @Configuration.
2026-05-28T19:04:10.842-07:00  INFO 59915 --- [portfolio-chatbot-backend] [           main] .b.t.c.SpringBootTestContextBootstrapper : Found @SpringBootConfiguration com.portfolio.chatbot.PortfolioChatbotApplication for test class com.portfolio.chatbot.PortfolioAssistantControllerDisabledTest

  .   ____          _            __ _ _
 /\\ / ___'_ __ _ _(_)_ __  __ _ \ \ \ \
( ( )\___ | '_ | '_| | '_ \/ _` | \ \ \ \
 \\/  ___)| |_)| | | | | || (_| |  ) ) ) )
  '  |____| .__|_| |_|_| |_\__, | / / / /
 =========|_|==============|___/=/_/_/_/

 :: Spring Boot ::               (v3.5.14)

2026-05-28T19:04:10.854-07:00  INFO 59915 --- [portfolio-chatbot-backend] [           main] c.a.s.p.s.AwsSpringWebRuntimeInitializer : AWS Environment: {HOMEBREW_PREFIX=/opt/homebrew, TERM_FEATURES=T3LrMSc7UUw9Ts3BFGsSyHNoSxFP, TERM_SESSION_ID=w0t2p0:2C03A985-592D-42C9-85F8-4537DCDD81D3, ITERM_SESSION_ID=w0t2p0:2C03A985-592D-42C9-85F8-4537DCDD81D3, HOMEBREW_REPOSITORY=/opt/homebrew, PATH=/opt/homebrew/bin:/opt/homebrew/sbin:/usr/local/bin:/System/Cryptexes/App/usr/bin:/usr/bin:/bin:/usr/sbin:/sbin:/var/run/com.apple.security.cryptexd/codex.system/bootstrap/usr/local/bin:/var/run/com.apple.security.cryptexd/codex.system/bootstrap/usr/bin:/var/run/com.apple.security.cryptexd/codex.system/bootstrap/usr/appleinternal/bin:/pkg/env/global/bin:/Users/clarkfoster/.cargo/bin:/Users/clarkfoster/Applications/iTerm.app/Contents/Resources/utilities:/opt/homebrew/opt/fzf/bin:/Users/clarkfoster/.claude/plugins/cache/claude-plugins-official/ralph-loop/1.0.0/bin, LOGNAME=clarkfoster, OSLogRateLimit=64, XPC_FLAGS=0x0, __CF_USER_TEXT_ENCODING=0x1F5:0x0:0x0, LC_TERMINAL_VERSION=3.6.10, CLAUDE_CODE_ENTRYPOINT=cli, MAVEN_CMD_LINE_ARGS= test, COREPACK_ENABLE_AUTO_PIN=0, TERM_PROGRAM_VERSION=3.6.10, JAVA_HOME=/opt/homebrew/opt/openjdk/libexec/openjdk.jdk/Contents/Home, CLAUDE_EFFORT=high, ITERM_PROFILE=Default, XPC_SERVICE_NAME=0, HOMEBREW_CELLAR=/opt/homebrew/Cellar, FPATH=/opt/homebrew/share/zsh/site-functions:/usr/local/share/zsh/site-functions:/usr/share/zsh/site-functions:/usr/share/zsh/5.9/functions, COMMAND_MODE=unix2003, SHLVL=3, INFOPATH=/opt/homebrew/share/info:, SHELL=/bin/zsh, CLAUDE_CODE_EXECPATH=/opt/homebrew/Caskroom/claude-code/2.1.145/claude, __CFBundleIdentifier=com.googlecode.iterm2, TMPDIR=/var/folders/yg/f_ljtx0d43x1wk05nkwh_tt80000gn/T/, COLORTERM=truecolor, CLAUDECODE=1, MAVEN_PROJECTBASEDIR=/Users/clarkfoster/PersonalProjects/MyPortfolioWebsite/MyPortfolioWebsite/portfolio-chatbot-backend, HOME=/Users/clarkfoster, LC_TERMINAL=iTerm2, LaunchInstanceID=1B6967CD-0B19-46BC-8D92-160ED8AD911F, NoDefaultCurrentDirectoryInExePath=1, COLORFGBG=15;0, TERM=xterm-256color, LANG=en_US.UTF-8, GIT_EDITOR=true, CLAUDE_CODE_SESSION_ID=8943fbe6-a4e6-4fcc-bda5-c33cd50def57, TERM_PROGRAM=iTerm.app, AI_AGENT=claude-code_2-1-145_agent, SSH_AUTH_SOCK=/var/run/com.apple.launchd.W6F4kqqqss/Listeners, OLDPWD=/Users/clarkfoster/PersonalProjects/MyPortfolioWebsite/MyPortfolioWebsite/portfolio-chatbot-backend, TERMINFO_DIRS=/Users/clarkfoster/Applications/iTerm.app/Contents/Resources/terminfo:/usr/share/terminfo, USER=clarkfoster, SECURITYSESSIONID=186b0, PWD=/Users/clarkfoster/PersonalProjects/MyPortfolioWebsite/MyPortfolioWebsite/portfolio-chatbot-backend, _=/opt/homebrew/Cellar/openjdk/25.0.2/libexec/openjdk.jdk/Contents/Home/bin/java}
2026-05-28T19:04:10.854-07:00  INFO 59915 --- [portfolio-chatbot-backend] [           main] PortfolioAssistantControllerDisabledTest : Starting PortfolioAssistantControllerDisabledTest using Java 25.0.2 with PID 59915 (started by clarkfoster in /Users/clarkfoster/PersonalProjects/MyPortfolioWebsite/MyPortfolioWebsite/portfolio-chatbot-backend)
2026-05-28T19:04:10.855-07:00  INFO 59915 --- [portfolio-chatbot-backend] [           main] PortfolioAssistantControllerDisabledTest : No active profile set, falling back to 1 default profile: "default"
2026-05-28T19:04:10.924-07:00  INFO 59915 --- [portfolio-chatbot-backend] [           main] o.s.b.t.m.w.SpringBootMockServletContext : Initializing Spring TestDispatcherServlet ''
2026-05-28T19:04:10.925-07:00  INFO 59915 --- [portfolio-chatbot-backend] [           main] o.s.t.web.servlet.TestDispatcherServlet  : Initializing Servlet ''
2026-05-28T19:04:10.925-07:00  INFO 59915 --- [portfolio-chatbot-backend] [           main] o.s.t.web.servlet.TestDispatcherServlet  : Completed initialization in 0 ms
2026-05-28T19:04:10.928-07:00  INFO 59915 --- [portfolio-chatbot-backend] [           main] PortfolioAssistantControllerDisabledTest : Started PortfolioAssistantControllerDisabledTest in 0.084 seconds (process running for 1.955)
]]></system-out>
  </testcase>
  <testcase name="stream_returnsErrorEventWhenDisabled" classname="com.portfolio.chatbot.PortfolioAssistantControllerDisabledTest" time="0.006"/>
  <testcase name="message_returns503WhenDisabled" classname="com.portfolio.chatbot.PortfolioAssistantControllerDisabledTest" time="0.003"/>
</testsuite>