TN:
SF:src/app/app.component.ts
FN:20,(anonymous_0)
FN:17,(anonymous_1)
FNF:2
FNH:2
FNDA:2,(anonymous_0)
FNDA:1,(anonymous_1)
DA:1,1
DA:3,1
DA:4,1
DA:12,2
DA:17,4
DA:18,2
DA:23,2
LF:7
LH:7
BRDA:17,0,0,2
BRDA:17,0,1,2
BRDA:17,1,0,2
BRDA:17,1,1,2
BRDA:17,2,0,1
BRDA:17,2,1,1
BRDA:17,2,2,1
BRDA:17,3,0,1
BRDA:17,3,1,1
BRDA:17,3,2,1
BRF:10
BRH:10
end_of_record
TN:
SF:src/app/components/app-shell.component.html
FN:40,AppShellComponent_Conditional_13_Conditional_10_Template_button_click_8_listener
FN:24,AppShellComponent_Conditional_13_Template_button_click_0_listener
FNF:2
FNH:0
FNDA:0,AppShellComponent_Conditional_13_Conditional_10_Template_button_click_8_listener
FNDA:0,AppShellComponent_Conditional_13_Template_button_click_0_listener
DA:1,3
DA:4,3
DA:5,3
DA:6,3
DA:7,3
DA:11,3
DA:12,3
DA:13,13
DA:16,13
DA:17,13
DA:20,3
DA:22,3
DA:23,3
DA:24,3
DA:26,3
DA:27,3
DA:28,3
DA:29,3
DA:31,3
DA:33,3
DA:34,0
DA:36,0
DA:37,0
DA:38,0
DA:40,0
DA:41,0
DA:42,0
DA:46,3
DA:49,3
DA:50,3
DA:51,3
LF:31
LH:24
BRDA:33,0,0,0
BRDA:33,0,1,3
BRDA:23,1,0,3
BRDA:23,1,1,0
BRF:4
BRH:2
end_of_record
TN:
SF:src/app/components/app-shell.component.ts
FN:31,(anonymous_0)
FN:35,(anonymous_1)
FN:37,(anonymous_2)
FN:48,(anonymous_3)
FN:48,(anonymous_4)
FN:50,(anonymous_5)
FN:51,(anonymous_6)
FN:54,(anonymous_7)
FN:57,(anonymous_8)
FN:61,(anonymous_9)
FN:24,(anonymous_10)
FNF:11
FNH:6
FNDA:3,(anonymous_0)
FNDA:3,(anonymous_1)
FNDA:6,(anonymous_2)
FNDA:3,(anonymous_3)
FNDA:15,(anonymous_4)
FNDA:0,(anonymous_5)
FNDA:0,(anonymous_6)
FNDA:0,(anonymous_7)
FNDA:0,(anonymous_8)
FNDA:0,(anonymous_9)
FNDA:1,(anonymous_10)
DA:1,1
DA:4,1
DA:5,1
DA:6,1
DA:24,6
DA:25,3
DA:26,3
DA:27,3
DA:29,3
DA:30,3
DA:31,3
DA:32,3
DA:33,3
DA:35,3
DA:36,3
DA:37,6
DA:40,3
DA:48,15
DA:51,0
DA:55,0
DA:56,0
DA:58,0
DA:59,0
DA:62,0
LF:24
LH:18
BRDA:30,0,0,3
BRDA:33,1,0,3
BRDA:33,1,1,0
BRDA:34,2,0,3
BRDA:36,3,0,3
BRDA:36,3,1,0
BRDA:37,4,0,6
BRDA:37,4,1,0
BRDA:38,5,0,3
BRDA:48,6,0,15
BRDA:48,6,1,3
BRDA:48,7,0,3
BRDA:24,8,0,3
BRDA:24,8,1,3
BRDA:24,9,0,3
BRDA:24,9,1,3
BRDA:24,10,0,1
BRDA:24,10,1,1
BRDA:24,10,2,1
BRDA:24,11,0,1
BRDA:24,11,1,1
BRDA:24,11,2,1
BRF:22
BRH:19
end_of_record
TN:
SF:src/app/components/toast-container.component.ts
FN:13,ToastContainerComponent_For_2_Template_div_click_0_listener
FN:20,ToastContainerComponent_For_2_Template_button_click_5_listener
FN:37,(anonymous_2)
FN:39,(anonymous_3)
FN:35,(anonymous_4)
FNF:5
FNH:3
FNDA:0,ToastContainerComponent_For_2_Template_div_click_0_listener
FNDA:0,ToastContainerComponent_For_2_Template_button_click_5_listener
FNDA:6,(anonymous_2)
FNDA:1,(anonymous_3)
FNDA:2,(anonymous_4)
DA:1,2
DA:3,2
DA:11,5
DA:12,6
DA:13,3
DA:14,3
DA:15,3
DA:16,3
DA:17,1
DA:19,3
DA:20,3
DA:23,5
DA:35,11
DA:36,5
DA:37,6
DA:40,1
LF:16
LH:16
BRDA:16,0,0,1
BRDA:16,0,1,2
BRDA:37,1,0,5
BRDA:35,2,0,5
BRDA:35,2,1,5
BRDA:35,3,0,5
BRDA:35,3,1,6
BRDA:35,4,0,2
BRDA:35,4,1,2
BRDA:35,4,2,2
BRDA:35,5,0,2
BRDA:35,5,1,2
BRDA:35,5,2,2
BRF:13
BRH:13
end_of_record
TN:
SF:src/app/models/activity.model.ts
FNF:0
FNH:0
DA:17,6
LF:1
LH:1
BRF:0
BRH:0
end_of_record
TN:
SF:src/app/models/ats.models.ts
FNF:0
FNH:0
DA:3,6
DA:5,6
DA:7,6
DA:8,6
LF:4
LH:4
BRF:0
BRH:0
end_of_record
TN:
SF:src/app/models/auth.model.ts
FNF:0
FNH:0
DA:3,8
LF:1
LH:1
BRF:0
BRH:0
end_of_record
TN:
SF:src/app/models/pipeline.model.ts
FNF:0
FNH:0
DA:3,6
DA:7,6
DA:17,6
LF:3
LH:3
BRF:0
BRH:0
end_of_record
TN:
SF:src/app/models/task.model.ts
FNF:0
FNH:0
DA:4,6
DA:11,6
LF:2
LH:2
BRF:0
BRH:0
end_of_record
TN:
SF:src/app/pages/candidate-detail/candidate-detail.component.html
FN:31,CandidateDetailComponent_Conditional_3_Conditional_14_Template_select_ngModelChange_0_listener
FN:37,CandidateDetailComponent_Conditional_3_Conditional_14_Template_button_click_3_listener
FN:87,CandidateDetailComponent_Conditional_3_Conditional_32_Conditional_0_Template_textarea_ngModelChange_1_listener
FN:89,CandidateDetailComponent_Conditional_3_Conditional_32_Conditional_0_Template_button_click_3_listener
FN:108,CandidateDetailComponent_Conditional_3_Conditional_32_Conditional_2_For_2_Conditional_8_Template_button_click_0_listener
FN:126,CandidateDetailComponent_Conditional_3_Conditional_33_Conditional_0_Conditional_3_Template_input_ngModelChange_1_listener
FN:128,CandidateDetailComponent_Conditional_3_Conditional_33_Conditional_0_Conditional_3_Template_select_ngModelChange_3_listener
FN:135,CandidateDetailComponent_Conditional_3_Conditional_33_Conditional_0_Conditional_3_Template_input_ngModelChange_12_listener
FN:136,CandidateDetailComponent_Conditional_3_Conditional_33_Conditional_0_Conditional_3_Template_button_click_13_listener
FN:119,CandidateDetailComponent_Conditional_3_Conditional_33_Conditional_0_Template_button_click_1_listener
FN:156,CandidateDetailComponent_Conditional_3_Conditional_33_Conditional_2_For_2_Conditional_7_Template_button_click_0_listener
FN:207,CandidateDetailComponent_Conditional_3_Conditional_61_For_2_Template_button_click_0_listener
FN:49,CandidateDetailComponent_Conditional_3_Template_button_click_19_listener
FN:52,CandidateDetailComponent_Conditional_3_Template_button_click_23_listener
FN:55,CandidateDetailComponent_Conditional_3_Template_button_click_27_listener
FNF:15
FNH:0
FNDA:0,CandidateDetailComponent_Conditional_3_Conditional_14_Template_select_ngModelChange_0_listener
FNDA:0,CandidateDetailComponent_Conditional_3_Conditional_14_Template_button_click_3_listener
FNDA:0,CandidateDetailComponent_Conditional_3_Conditional_32_Conditional_0_Template_textarea_ngModelChange_1_listener
FNDA:0,CandidateDetailComponent_Conditional_3_Conditional_32_Conditional_0_Template_button_click_3_listener
FNDA:0,CandidateDetailComponent_Conditional_3_Conditional_32_Conditional_2_For_2_Conditional_8_Template_button_click_0_listener
FNDA:0,CandidateDetailComponent_Conditional_3_Conditional_33_Conditional_0_Conditional_3_Template_input_ngModelChange_1_listener
FNDA:0,CandidateDetailComponent_Conditional_3_Conditional_33_Conditional_0_Conditional_3_Template_select_ngModelChange_3_listener
FNDA:0,CandidateDetailComponent_Conditional_3_Conditional_33_Conditional_0_Conditional_3_Template_input_ngModelChange_12_listener
FNDA:0,CandidateDetailComponent_Conditional_3_Conditional_33_Conditional_0_Conditional_3_Template_button_click_13_listener
FNDA:0,CandidateDetailComponent_Conditional_3_Conditional_33_Conditional_0_Template_button_click_1_listener
FNDA:0,CandidateDetailComponent_Conditional_3_Conditional_33_Conditional_2_For_2_Conditional_7_Template_button_click_0_listener
FNDA:0,CandidateDetailComponent_Conditional_3_Conditional_61_For_2_Template_button_click_0_listener
FNDA:0,CandidateDetailComponent_Conditional_3_Template_button_click_19_listener
FNDA:0,CandidateDetailComponent_Conditional_3_Template_button_click_23_listener
FNDA:0,CandidateDetailComponent_Conditional_3_Template_button_click_27_listener
DA:1,17
DA:2,19
DA:3,14
DA:4,14
DA:5,14
DA:7,1
DA:8,1
DA:9,1
DA:10,1
DA:13,2
DA:15,2
DA:17,4
DA:18,2
DA:19,4
DA:20,2
DA:21,4
DA:22,4
DA:23,2
DA:24,4
DA:26,2
DA:29,2
DA:30,4
DA:31,4
DA:32,4
DA:33,4
DA:34,0
DA:36,2
DA:37,2
DA:39,0
DA:40,0
DA:41,0
DA:43,2
DA:46,2
DA:49,4
DA:50,4
DA:52,4
DA:53,4
DA:55,4
DA:56,4
DA:60,4
DA:61,2
DA:62,0
DA:63,0
DA:64,0
DA:67,2
DA:68,2
DA:69,2
DA:70,2
DA:71,2
DA:72,2
DA:73,2
DA:74,2
DA:75,2
DA:79,2
DA:83,4
DA:84,1
DA:85,1
DA:87,1
DA:88,1
DA:89,1
DA:93,1
DA:94,0
DA:95,0
DA:96,0
DA:99,1
DA:100,1
DA:101,1
DA:103,1
DA:104,1
DA:106,1
DA:107,1
DA:108,1
DA:110,1
DA:112,1
DA:116,4
DA:117,1
DA:118,1
DA:119,0
DA:120,1
DA:121,1
DA:123,1
DA:124,0
DA:125,0
DA:126,0
DA:127,0
DA:128,0
DA:129,0
DA:130,0
DA:131,0
DA:132,0
DA:134,0
DA:135,0
DA:136,0
DA:141,1
DA:142,0
DA:143,0
DA:144,0
DA:147,1
DA:148,1
DA:149,1
DA:150,1
DA:151,1
DA:152,1
DA:153,1
DA:155,1
DA:156,1
DA:158,0
DA:160,1
DA:162,1
DA:165,2
DA:167,2
DA:169,2
DA:170,2
DA:171,4
DA:172,4
DA:173,4
DA:174,4
DA:175,4
DA:177,4
DA:178,4
DA:179,4
DA:180,4
DA:182,2
DA:185,4
DA:186,2
DA:187,2
DA:188,2
DA:189,4
DA:190,8
DA:192,2
DA:196,2
DA:197,2
DA:198,4
DA:199,0
DA:201,2
DA:202,4
DA:203,4
DA:204,8
DA:205,8
DA:206,8
DA:207,0
DA:208,8
DA:209,4
DA:211,2
DA:213,2
DA:217,17
LF:146
LH:117
BRDA:61,0,0,0
BRDA:61,0,1,2
BRDA:107,1,0,1
BRDA:107,1,1,0
BRDA:84,2,0,1
BRDA:84,2,1,0
BRDA:93,3,0,0
BRDA:93,3,1,1
BRDA:120,4,0,0
BRDA:120,4,1,1
BRDA:123,5,0,0
BRDA:123,5,1,1
BRDA:153,6,0,0
BRDA:153,6,1,1
BRDA:155,7,0,2
BRDA:155,7,1,1
BRDA:117,8,0,1
BRDA:117,8,1,0
BRDA:141,9,0,0
BRDA:141,9,1,1
BRDA:205,10,0,8
BRDA:205,10,1,0
BRDA:22,11,0,4
BRDA:22,11,1,0
BRDA:30,12,0,4
BRDA:30,12,1,0
BRDA:60,13,0,2
BRDA:60,13,1,2
BRDA:83,14,0,1
BRDA:83,14,1,3
BRDA:116,15,0,1
BRDA:116,15,1,3
BRDA:172,16,0,4
BRDA:172,16,1,0
BRDA:173,17,0,4
BRDA:173,17,1,0
BRDA:174,18,0,4
BRDA:174,18,1,0
BRDA:179,19,0,4
BRDA:179,19,1,0
BRDA:185,20,0,4
BRDA:185,20,1,0
BRDA:198,21,0,0
BRDA:198,21,1,4
BRDA:2,22,0,19
BRDA:2,22,1,9
BRF:46
BRH:28
end_of_record
TN:
SF:src/app/pages/candidate-detail/candidate-detail.component.ts
FN:58,(anonymous_0)
FN:60,(anonymous_1)
FN:61,(anonymous_2)
FN:62,(anonymous_3)
FN:63,(anonymous_4)
FN:64,(anonymous_5)
FN:66,(anonymous_6)
FN:67,(anonymous_7)
FN:78,(anonymous_8)
FN:88,(anonymous_9)
FN:96,(anonymous_10)
FN:103,(anonymous_11)
FN:105,(anonymous_12)
FN:107,(anonymous_13)
FN:110,(anonymous_14)
FN:115,(anonymous_15)
FN:120,(anonymous_16)
FN:121,(anonymous_17)
FN:124,(anonymous_18)
FN:126,(anonymous_19)
FN:130,(anonymous_20)
FN:133,(anonymous_21)
FN:134,(anonymous_22)
FN:134,(anonymous_23)
FN:137,(anonymous_24)
FN:141,(anonymous_25)
FN:145,(anonymous_26)
FN:148,(anonymous_27)
FN:150,(anonymous_28)
FN:154,(anonymous_29)
FN:157,(anonymous_30)
FN:159,(anonymous_31)
FN:162,(anonymous_32)
FN:164,(anonymous_33)
FN:166,(anonymous_34)
FN:170,(anonymous_35)
FN:171,(anonymous_36)
FN:174,(anonymous_37)
FN:175,(anonymous_38)
FN:178,(anonymous_39)
FN:189,(anonymous_40)
FN:190,(anonymous_41)
FN:194,(anonymous_42)
FN:196,(anonymous_43)
FN:200,(anonymous_44)
FN:201,(anonymous_45)
FN:204,(anonymous_46)
FN:206,(anonymous_47)
FN:207,(anonymous_48)
FN:207,(anonymous_49)
FN:210,(anonymous_50)
FN:212,(anonymous_51)
FN:216,(anonymous_52)
FN:221,(anonymous_53)
FN:225,(anonymous_54)
FN:229,(anonymous_55)
FN:34,(anonymous_56)
FNF:57
FNH:44
FNDA:2,(anonymous_0)
FNDA:0,(anonymous_1)
FNDA:4,(anonymous_2)
FNDA:2,(anonymous_3)
FNDA:1,(anonymous_4)
FNDA:0,(anonymous_5)
FNDA:15,(anonymous_6)
FNDA:15,(anonymous_7)
FNDA:14,(anonymous_8)
FNDA:14,(anonymous_9)
FNDA:0,(anonymous_10)
FNDA:4,(anonymous_11)
FNDA:10,(anonymous_12)
FNDA:19,(anonymous_13)
FNDA:13,(anonymous_14)
FNDA:1,(anonymous_15)
FNDA:1,(anonymous_16)
FNDA:1,(anonymous_17)
FNDA:1,(anonymous_18)
FNDA:0,(anonymous_19)
FNDA:1,(anonymous_20)
FNDA:1,(anonymous_21)
FNDA:1,(anonymous_22)
FNDA:1,(anonymous_23)
FNDA:0,(anonymous_24)
FNDA:2,(anonymous_25)
FNDA:1,(anonymous_26)
FNDA:1,(anonymous_27)
FNDA:0,(anonymous_28)
FNDA:1,(anonymous_29)
FNDA:1,(anonymous_30)
FNDA:0,(anonymous_31)
FNDA:1,(anonymous_32)
FNDA:1,(anonymous_33)
FNDA:0,(anonymous_34)
FNDA:10,(anonymous_35)
FNDA:10,(anonymous_36)
FNDA:1,(anonymous_37)
FNDA:1,(anonymous_38)
FNDA:1,(anonymous_39)
FNDA:1,(anonymous_40)
FNDA:1,(anonymous_41)
FNDA:1,(anonymous_42)
FNDA:0,(anonymous_43)
FNDA:1,(anonymous_44)
FNDA:1,(anonymous_45)
FNDA:1,(anonymous_46)
FNDA:1,(anonymous_47)
FNDA:1,(anonymous_48)
FNDA:1,(anonymous_49)
FNDA:1,(anonymous_50)
FNDA:0,(anonymous_51)
FNDA:0,(anonymous_52)
FNDA:0,(anonymous_53)
FNDA:0,(anonymous_54)
FNDA:6,(anonymous_55)
FNDA:1,(anonymous_56)
DA:1,1
DA:6,1
DA:7,1
DA:8,1
DA:9,1
DA:10,1
DA:11,1
DA:12,1
DA:13,1
DA:34,36
DA:35,17
DA:36,17
DA:37,17
DA:38,17
DA:39,17
DA:40,17
DA:41,17
DA:42,17
DA:43,17
DA:45,17
DA:46,17
DA:47,17
DA:48,17
DA:49,17
DA:50,17
DA:51,17
DA:53,17
DA:54,17
DA:55,17
DA:56,17
DA:58,17
DA:59,17
DA:60,0
DA:61,4
DA:62,2
DA:63,1
DA:64,0
DA:67,15
DA:68,15
DA:69,15
DA:70,1
DA:71,1
DA:72,1
DA:74,14
DA:79,14
DA:80,14
DA:81,14
DA:89,14
DA:90,14
DA:91,14
DA:92,14
DA:93,14
DA:94,14
DA:97,0
DA:98,0
DA:103,4
DA:106,10
DA:107,19
DA:111,13
DA:112,12
DA:116,1
DA:117,1
DA:118,1
DA:119,1
DA:121,1
DA:122,1
DA:123,1
DA:124,1
DA:126,0
DA:131,1
DA:132,1
DA:134,1
DA:135,1
DA:137,0
DA:142,2
DA:143,2
DA:144,1
DA:146,1
DA:147,1
DA:148,1
DA:150,0
DA:155,1
DA:156,1
DA:157,1
DA:158,1
DA:159,0
DA:161,1
DA:163,1
DA:164,1
DA:166,0
DA:171,10
DA:175,1
DA:179,1
DA:180,1
DA:181,1
DA:182,1
DA:190,1
DA:191,1
DA:192,1
DA:193,1
DA:194,1
DA:196,0
DA:201,1
DA:205,1
DA:207,1
DA:208,1
DA:209,1
DA:210,1
DA:212,0
DA:217,0
DA:218,0
DA:219,0
DA:220,0
DA:222,0
DA:223,0
DA:225,0
DA:230,6
DA:231,5
LF:118
LH:100
BRDA:45,0,0,17
BRDA:46,1,0,17
BRDA:47,2,0,17
BRDA:48,3,0,17
BRDA:49,4,0,17
BRDA:50,5,0,17
BRDA:51,6,0,17
BRDA:53,7,0,17
BRDA:54,8,0,17
BRDA:55,9,0,17
BRDA:56,10,0,17
BRDA:58,11,0,17
BRDA:69,12,0,1
BRDA:69,12,1,14
BRDA:69,13,0,15
BRDA:69,13,1,14
BRDA:97,14,0,0
BRDA:97,14,1,0
BRDA:106,15,0,1
BRDA:106,15,1,9
BRDA:111,16,0,1
BRDA:111,16,1,12
BRDA:118,17,0,0
BRDA:118,17,1,1
BRDA:118,18,0,1
BRDA:118,18,1,1
BRDA:124,19,0,1
BRDA:124,19,1,0
BRDA:131,20,0,0
BRDA:131,20,1,1
BRDA:143,21,0,1
BRDA:143,21,1,1
BRDA:143,22,0,2
BRDA:143,22,1,2
BRDA:156,23,0,0
BRDA:156,23,1,1
BRDA:158,24,0,0
BRDA:158,24,1,1
BRDA:171,25,0,10
BRDA:171,25,1,0
BRDA:181,26,0,0
BRDA:181,26,1,1
BRDA:181,27,0,1
BRDA:181,27,1,1
BRDA:187,28,0,1
BRDA:187,28,1,1
BRDA:207,29,0,1
BRDA:207,29,1,0
BRDA:210,30,0,1
BRDA:210,30,1,0
BRDA:218,31,0,0
BRDA:218,31,1,0
BRDA:219,32,0,0
BRDA:219,32,1,0
BRDA:230,33,0,1
BRDA:230,33,1,5
BRDA:231,34,0,5
BRDA:231,34,1,0
BRDA:231,35,0,6
BRDA:231,35,1,0
BRDA:34,36,0,17
BRDA:34,36,1,17
BRDA:34,37,0,17
BRDA:34,37,1,19
BRDA:34,38,0,1
BRDA:34,38,1,1
BRDA:34,38,2,1
BRDA:34,39,0,1
BRDA:34,39,1,1
BRDA:34,39,2,1
BRF:70
BRH:53
end_of_record
TN:
SF:src/app/pages/dashboard/dashboard.component.html
FN:20,DashboardComponent_Conditional_10_Template_button_click_5_listener
FN:12,(anonymous_1)
FN:7,DashboardComponent_Template_button_click_7_listener
FNF:3
FNH:1
FNDA:0,DashboardComponent_Conditional_10_Template_button_click_5_listener
FNDA:3,(anonymous_1)
FNDA:0,DashboardComponent_Template_button_click_7_listener
DA:1,3
DA:4,3
DA:5,3
DA:7,3
DA:10,6
DA:11,3
DA:12,3
DA:13,18
DA:15,3
DA:17,1
DA:18,1
DA:19,1
DA:20,1
DA:23,2
DA:25,2
DA:26,2
DA:27,2
DA:29,2
DA:30,2
DA:31,2
DA:32,2
DA:34,2
DA:35,2
DA:36,2
DA:37,2
DA:39,2
DA:40,2
DA:41,2
DA:42,2
DA:44,2
DA:45,2
DA:46,2
DA:47,2
DA:49,2
DA:50,2
DA:51,2
DA:52,2
DA:56,2
DA:59,2
DA:60,2
DA:62,2
DA:64,2
DA:65,2
DA:66,4
DA:67,4
DA:68,4
DA:69,4
DA:70,4
DA:73,4
DA:74,4
DA:77,2
DA:80,2
DA:84,2
DA:85,2
DA:88,2
DA:89,2
DA:90,2
DA:91,2
DA:94,0
DA:95,0
DA:96,0
DA:97,0
DA:98,0
DA:100,0
DA:101,0
DA:102,0
DA:104,0
DA:105,0
DA:106,0
DA:107,0
DA:111,0
DA:113,2
DA:115,2
DA:118,2
DA:119,2
DA:121,2
DA:123,2
DA:124,2
DA:125,2
DA:126,2
DA:129,0
DA:130,0
DA:131,0
DA:132,0
DA:133,0
DA:134,0
DA:135,0
DA:136,0
DA:137,0
DA:138,0
DA:140,0
DA:142,0
DA:144,0
DA:145,0
DA:148,0
DA:150,2
DA:153,2
DA:154,2
DA:157,2
DA:158,2
DA:161,2
DA:163,2
DA:164,2
DA:165,2
DA:166,4
DA:172,2
DA:173,2
DA:176,2
DA:177,2
DA:178,4
DA:179,4
DA:180,4
DA:181,4
DA:184,2
DA:189,3
LF:115
LH:87
BRDA:101,0,0,0
BRDA:101,0,1,0
BRDA:137,1,0,0
BRDA:137,1,1,0
BRDA:88,2,0,2
BRDA:88,2,1,0
BRDA:123,3,0,2
BRDA:123,3,1,0
BRDA:153,4,0,2
BRDA:153,4,1,0
BRDA:10,5,0,6
BRDA:10,5,1,5
BRF:12
BRH:5
end_of_record
TN:
SF:src/app/pages/dashboard/dashboard.component.ts
FN:32,(anonymous_0)
FN:35,(anonymous_1)
FN:43,(anonymous_2)
FN:43,(anonymous_3)
FN:45,(anonymous_4)
FN:48,(anonymous_5)
FN:49,(anonymous_6)
FN:52,(anonymous_7)
FN:60,(anonymous_8)
FN:61,(anonymous_9)
FN:62,(anonymous_10)
FN:64,(anonymous_11)
FN:68,(anonymous_12)
FN:72,(anonymous_13)
FN:76,(anonymous_14)
FN:83,(anonymous_15)
FN:96,(anonymous_16)
FN:26,(anonymous_17)
FNF:18
FNH:13
FNDA:2,(anonymous_0)
FNDA:4,(anonymous_1)
FNDA:2,(anonymous_2)
FNDA:4,(anonymous_3)
FNDA:2,(anonymous_4)
FNDA:2,(anonymous_5)
FNDA:4,(anonymous_6)
FNDA:4,(anonymous_7)
FNDA:0,(anonymous_8)
FNDA:0,(anonymous_9)
FNDA:0,(anonymous_10)
FNDA:3,(anonymous_11)
FNDA:3,(anonymous_12)
FNDA:2,(anonymous_13)
FNDA:1,(anonymous_14)
FNDA:0,(anonymous_15)
FNDA:0,(anonymous_16)
FNDA:1,(anonymous_17)
DA:1,1
DA:4,1
DA:5,1
DA:26,9
DA:27,3
DA:28,3
DA:29,3
DA:30,3
DA:32,3
DA:33,2
DA:34,2
DA:35,4
DA:43,4
DA:45,3
DA:46,2
DA:47,2
DA:48,2
DA:49,4
DA:50,2
DA:51,2
DA:52,2
DA:53,4
DA:54,4
DA:55,4
DA:56,4
DA:60,0
DA:61,0
DA:62,0
DA:65,3
DA:69,3
DA:70,3
DA:71,3
DA:73,2
DA:74,2
DA:77,1
DA:78,1
DA:84,0
DA:85,0
DA:86,0
DA:87,0
DA:88,0
DA:89,0
DA:90,0
DA:91,0
DA:92,0
DA:93,0
DA:97,0
DA:98,0
DA:99,0
DA:100,0
DA:101,0
DA:102,0
DA:103,0
DA:104,0
LF:54
LH:33
BRDA:28,0,0,3
BRDA:29,1,0,3
BRDA:30,2,0,3
BRDA:34,3,0,0
BRDA:34,3,1,2
BRDA:38,4,0,4
BRDA:38,4,1,0
BRDA:39,5,0,4
BRDA:39,5,1,0
BRDA:41,6,0,3
BRDA:43,7,0,3
BRDA:47,8,0,0
BRDA:47,8,1,2
BRDA:53,9,0,4
BRDA:53,9,1,0
BRDA:58,10,0,3
BRDA:84,11,0,0
BRDA:84,11,1,0
BRDA:87,12,0,0
BRDA:87,12,1,0
BRDA:88,13,0,0
BRDA:88,13,1,0
BRDA:90,14,0,0
BRDA:90,14,1,0
BRDA:92,15,0,0
BRDA:92,15,1,0
BRDA:97,16,0,0
BRDA:97,16,1,0
BRDA:102,17,0,0
BRDA:102,17,1,0
BRDA:102,18,0,0
BRDA:102,18,1,0
BRDA:103,19,0,0
BRDA:103,19,1,0
BRDA:26,20,0,3
BRDA:26,20,1,3
BRDA:26,21,0,3
BRDA:26,21,1,6
BRDA:26,22,0,1
BRDA:26,22,1,1
BRDA:26,22,2,1
BRDA:26,23,0,1
BRDA:26,23,1,1
BRDA:26,23,2,1
BRF:44
BRH:21
end_of_record
TN:
SF:src/app/pages/jobs/jobs.component.html
FN:6,JobsComponent_Conditional_5_Template_button_click_0_listener
FN:29,JobsComponent_Conditional_14_Template_form_ngSubmit_0_listener
FN:33,JobsComponent_Conditional_14_Template_input_ngModelChange_6_listener
FN:37,JobsComponent_Conditional_14_Template_input_ngModelChange_10_listener
FN:41,JobsComponent_Conditional_14_Template_input_ngModelChange_14_listener
FN:45,JobsComponent_Conditional_14_Template_input_ngModelChange_18_listener
FN:49,JobsComponent_Conditional_14_Template_select_ngModelChange_22_listener
FN:58,JobsComponent_Conditional_14_Template_select_ngModelChange_34_listener
FN:68,JobsComponent_Conditional_14_Template_textarea_ngModelChange_46_listener
FN:72,JobsComponent_Conditional_14_Template_input_ngModelChange_52_listener
FN:76,JobsComponent_Conditional_14_Template_input_ngModelChange_58_listener
FN:81,JobsComponent_Conditional_14_Template_input_ngModelChange_65_listener
FN:85,JobsComponent_Conditional_14_Template_input_ngModelChange_71_listener
FN:137,JobsComponent_Conditional_17_For_1_Conditional_9_For_2_Conditional_26_Template_button_click_0_listener
FN:138,JobsComponent_Conditional_17_For_1_Conditional_9_For_2_Conditional_26_Template_button_click_2_listener
FN:112,JobsComponent_Conditional_17_For_1_Conditional_9_For_2_Template_div_click_0_listener
FN:132,JobsComponent_Conditional_17_For_1_Conditional_9_For_2_Template_button_click_22_listener
FN:135,JobsComponent_Conditional_17_For_1_Conditional_9_For_2_Template_a_click_24_listener
FN:100,JobsComponent_Conditional_17_For_1_Template_button_click_1_listener
FN:219,JobsComponent_Conditional_18_For_4_Conditional_1_Template_button_click_0_listener
FN:214,JobsComponent_Conditional_18_Template_button_click_1_listener
FN:222,JobsComponent_Conditional_18_Template_button_click_5_listener
FN:269,JobsComponent_Conditional_19_Conditional_32_Template_button_click_0_listener
FN:229,JobsComponent_Conditional_19_Template_div_click_0_listener
FN:230,JobsComponent_Conditional_19_Template_div_click_1_listener
FN:236,JobsComponent_Conditional_19_Template_button_click_8_listener
FN:267,JobsComponent_Conditional_19_Template_a_click_30_listener
FN:13,JobsComponent_Template_input_change_8_listener
FNF:28
FNH:0
FNDA:0,JobsComponent_Conditional_5_Template_button_click_0_listener
FNDA:0,JobsComponent_Conditional_14_Template_form_ngSubmit_0_listener
FNDA:0,JobsComponent_Conditional_14_Template_input_ngModelChange_6_listener
FNDA:0,JobsComponent_Conditional_14_Template_input_ngModelChange_10_listener
FNDA:0,JobsComponent_Conditional_14_Template_input_ngModelChange_14_listener
FNDA:0,JobsComponent_Conditional_14_Template_input_ngModelChange_18_listener
FNDA:0,JobsComponent_Conditional_14_Template_select_ngModelChange_22_listener
FNDA:0,JobsComponent_Conditional_14_Template_select_ngModelChange_34_listener
FNDA:0,JobsComponent_Conditional_14_Template_textarea_ngModelChange_46_listener
FNDA:0,JobsComponent_Conditional_14_Template_input_ngModelChange_52_listener
FNDA:0,JobsComponent_Conditional_14_Template_input_ngModelChange_58_listener
FNDA:0,JobsComponent_Conditional_14_Template_input_ngModelChange_65_listener
FNDA:0,JobsComponent_Conditional_14_Template_input_ngModelChange_71_listener
FNDA:0,JobsComponent_Conditional_17_For_1_Conditional_9_For_2_Conditional_26_Template_button_click_0_listener
FNDA:0,JobsComponent_Conditional_17_For_1_Conditional_9_For_2_Conditional_26_Template_button_click_2_listener
FNDA:0,JobsComponent_Conditional_17_For_1_Conditional_9_For_2_Template_div_click_0_listener
FNDA:0,JobsComponent_Conditional_17_For_1_Conditional_9_For_2_Template_button_click_22_listener
FNDA:0,JobsComponent_Conditional_17_For_1_Conditional_9_For_2_Template_a_click_24_listener
FNDA:0,JobsComponent_Conditional_17_For_1_Template_button_click_1_listener
FNDA:0,JobsComponent_Conditional_18_For_4_Conditional_1_Template_button_click_0_listener
FNDA:0,JobsComponent_Conditional_18_Template_button_click_1_listener
FNDA:0,JobsComponent_Conditional_18_Template_button_click_5_listener
FNDA:0,JobsComponent_Conditional_19_Conditional_32_Template_button_click_0_listener
FNDA:0,JobsComponent_Conditional_19_Template_div_click_0_listener
FNDA:0,JobsComponent_Conditional_19_Template_div_click_1_listener
FNDA:0,JobsComponent_Conditional_19_Template_button_click_8_listener
FNDA:0,JobsComponent_Conditional_19_Template_a_click_30_listener
FNDA:0,JobsComponent_Template_input_change_8_listener
DA:1,12
DA:4,12
DA:5,54
DA:6,12
DA:7,54
DA:8,12
DA:10,12
DA:11,12
DA:12,54
DA:13,54
DA:15,12
DA:16,12
DA:17,12
DA:18,12
DA:19,12
DA:20,54
DA:21,22
DA:23,12
DA:28,54
DA:29,0
DA:30,0
DA:32,0
DA:33,0
DA:35,0
DA:36,0
DA:37,0
DA:39,0
DA:40,0
DA:41,0
DA:43,0
DA:44,0
DA:45,0
DA:47,0
DA:48,0
DA:49,0
DA:50,0
DA:51,0
DA:52,0
DA:53,0
DA:56,0
DA:57,0
DA:58,0
DA:59,0
DA:60,0
DA:61,0
DA:62,0
DA:66,0
DA:67,0
DA:68,0
DA:70,0
DA:71,0
DA:72,0
DA:74,0
DA:75,0
DA:76,0
DA:78,0
DA:80,0
DA:81,0
DA:83,0
DA:84,0
DA:85,0
DA:88,0
DA:92,12
DA:93,54
DA:94,12
DA:95,12
DA:96,12
DA:98,30
DA:99,32
DA:100,0
DA:101,61
DA:102,61
DA:103,32
DA:104,61
DA:105,61
DA:109,61
DA:110,32
DA:111,61
DA:112,34
DA:113,34
DA:114,67
DA:115,34
DA:116,67
DA:117,67
DA:118,67
DA:119,67
DA:121,34
DA:122,67
DA:123,34
DA:124,67
DA:125,67
DA:126,34
DA:127,67
DA:129,34
DA:131,34
DA:132,67
DA:133,34
DA:134,34
DA:135,67
DA:136,67
DA:137,34
DA:138,34
DA:140,34
DA:142,67
DA:143,1
DA:145,1
DA:146,2
DA:147,1
DA:149,1
DA:150,2
DA:151,1
DA:153,2
DA:154,0
DA:155,0
DA:156,0
DA:157,0
DA:158,0
DA:159,0
DA:160,0
DA:161,0
DA:162,0
DA:164,0
DA:166,0
DA:167,0
DA:168,0
DA:170,0
DA:171,0
DA:173,0
DA:174,0
DA:175,0
DA:176,0
DA:178,0
DA:179,0
DA:181,0
DA:182,0
DA:183,0
DA:184,0
DA:186,0
DA:187,0
DA:190,0
DA:191,0
DA:192,0
DA:194,0
DA:197,0
DA:199,1
DA:202,32
DA:204,32
DA:206,5
DA:207,5
DA:211,12
DA:212,54
DA:213,2
DA:214,9
DA:215,9
DA:216,31
DA:217,0
DA:219,31
DA:222,9
DA:223,9
DA:226,12
DA:228,54
DA:229,0
DA:230,0
DA:231,0
DA:233,0
DA:234,0
DA:236,0
DA:238,0
DA:240,0
DA:241,0
DA:242,0
DA:243,0
DA:244,0
DA:246,0
DA:247,0
DA:248,0
DA:249,0
DA:252,0
DA:253,0
DA:254,0
DA:255,0
DA:256,0
DA:257,0
DA:259,0
DA:262,0
DA:263,0
DA:264,0
DA:266,0
DA:267,0
DA:268,0
DA:269,0
DA:271,0
LF:192
LH:84
BRDA:7,0,0,0
BRDA:7,0,1,54
BRDA:33,1,0,0
BRDA:33,1,1,0
BRDA:37,2,0,0
BRDA:37,2,1,0
BRDA:41,3,0,0
BRDA:41,3,1,0
BRDA:45,4,0,0
BRDA:45,4,1,0
BRDA:49,5,0,0
BRDA:49,5,1,0
BRDA:58,6,0,0
BRDA:58,6,1,0
BRDA:68,7,0,0
BRDA:68,7,1,0
BRDA:72,8,0,0
BRDA:72,8,1,0
BRDA:76,9,0,0
BRDA:76,9,1,0
BRDA:81,10,0,0
BRDA:81,10,1,0
BRDA:85,11,0,0
BRDA:85,11,1,0
BRDA:88,12,0,0
BRDA:88,12,1,0
BRDA:184,13,0,0
BRDA:184,13,1,0
BRDA:184,14,0,0
BRDA:184,14,1,0
BRDA:187,15,0,0
BRDA:187,15,1,0
BRDA:146,16,0,1
BRDA:146,16,1,1
BRDA:150,17,0,3
BRDA:150,17,1,2
BRDA:153,18,0,2
BRDA:153,18,1,3
BRDA:122,19,0,67
BRDA:122,19,1,0
BRDA:125,20,0,67
BRDA:125,20,1,0
BRDA:136,21,0,67
BRDA:136,21,1,0
BRDA:142,22,0,2
BRDA:142,22,1,65
BRDA:104,23,0,6
BRDA:104,23,1,55
BRDA:105,24,0,0
BRDA:105,24,1,61
BRDA:109,25,0,61
BRDA:109,25,1,0
BRDA:216,26,0,0
BRDA:216,26,1,31
BRDA:244,27,0,0
BRDA:244,27,1,0
BRDA:246,28,0,0
BRDA:246,28,1,0
BRDA:252,29,0,0
BRDA:252,29,1,0
BRDA:268,30,0,0
BRDA:268,30,1,0
BRDA:5,31,0,54
BRDA:5,31,1,0
BRDA:20,32,0,22
BRDA:20,32,1,32
BRDA:28,33,0,0
BRDA:28,33,1,54
BRDA:93,34,0,24
BRDA:93,34,1,30
BRDA:212,35,0,9
BRDA:212,35,1,45
BRDA:228,36,0,0
BRDA:228,36,1,54
BRF:74
BRH:26
end_of_record
TN:
SF:src/app/pages/jobs/jobs.component.ts
FN:39,(anonymous_0)
FN:41,(anonymous_1)
FN:43,(anonymous_2)
FN:47,(anonymous_3)
FN:50,(anonymous_4)
FN:56,(anonymous_5)
FN:63,(anonymous_6)
FN:74,(anonymous_7)
FN:76,(anonymous_8)
FN:77,(anonymous_9)
FN:84,(anonymous_10)
FN:90,(anonymous_11)
FN:99,(anonymous_12)
FN:117,(anonymous_13)
FN:120,(anonymous_14)
FN:125,(anonymous_15)
FN:136,(anonymous_16)
FN:141,(anonymous_17)
FN:148,(anonymous_18)
FN:149,(anonymous_19)
FN:152,(anonymous_20)
FN:156,(anonymous_21)
FN:160,(anonymous_22)
FN:161,(anonymous_23)
FN:164,(anonymous_24)
FN:170,(anonymous_25)
FN:172,(anonymous_26)
FN:172,(anonymous_27)
FN:178,(anonymous_28)
FN:179,(anonymous_29)
FN:182,(anonymous_30)
FN:184,(anonymous_31)
FN:184,(anonymous_32)
FN:187,(anonymous_33)
FN:191,(anonymous_34)
FN:193,(anonymous_35)
FN:203,(anonymous_36)
FN:207,(anonymous_37)
FN:208,(anonymous_38)
FN:210,(anonymous_39)
FN:214,(anonymous_40)
FN:218,(anonymous_41)
FN:220,(anonymous_42)
FN:220,(anonymous_43)
FN:22,(anonymous_44)
FNF:45
FNH:39
FNDA:121,(anonymous_0)
FNDA:12,(anonymous_1)
FNDA:12,(anonymous_2)
FNDA:14,(anonymous_3)
FNDA:14,(anonymous_4)
FNDA:0,(anonymous_5)
FNDA:14,(anonymous_6)
FNDA:0,(anonymous_7)
FNDA:70,(anonymous_8)
FNDA:39,(anonymous_9)
FNDA:2,(anonymous_10)
FNDA:2,(anonymous_11)
FNDA:1,(anonymous_12)
FNDA:0,(anonymous_13)
FNDA:0,(anonymous_14)
FNDA:2,(anonymous_15)
FNDA:1,(anonymous_16)
FNDA:0,(anonymous_17)
FNDA:68,(anonymous_18)
FNDA:136,(anonymous_19)
FNDA:68,(anonymous_20)
FNDA:14,(anonymous_21)
FNDA:76,(anonymous_22)
FNDA:326,(anonymous_23)
FNDA:1,(anonymous_24)
FNDA:30,(anonymous_25)
FNDA:1,(anonymous_26)
FNDA:1,(anonymous_27)
FNDA:183,(anonymous_28)
FNDA:6,(anonymous_29)
FNDA:83,(anonymous_30)
FNDA:1,(anonymous_31)
FNDA:1,(anonymous_32)
FNDA:83,(anonymous_33)
FNDA:10,(anonymous_34)
FNDA:35,(anonymous_35)
FNDA:3,(anonymous_36)
FNDA:1,(anonymous_37)
FNDA:0,(anonymous_38)
FNDA:1,(anonymous_39)
FNDA:1,(anonymous_40)
FNDA:2,(anonymous_41)
FNDA:3,(anonymous_42)
FNDA:3,(anonymous_43)
FNDA:1,(anonymous_44)
DA:1,1
DA:6,1
DA:22,66
DA:23,12
DA:24,12
DA:25,12
DA:26,12
DA:27,12
DA:29,12
DA:30,12
DA:31,12
DA:32,12
DA:33,12
DA:34,12
DA:35,12
DA:36,12
DA:38,12
DA:39,121
DA:41,12
DA:44,12
DA:48,14
DA:49,14
DA:51,14
DA:52,14
DA:53,14
DA:54,14
DA:57,0
DA:58,0
DA:64,14
DA:65,14
DA:66,41
DA:67,41
DA:68,2
DA:70,39
DA:74,14
DA:75,14
DA:76,70
DA:77,39
DA:85,2
DA:89,2
DA:91,2
DA:92,2
DA:93,2
DA:94,2
DA:100,1
DA:101,1
DA:114,1
DA:118,0
DA:119,0
DA:120,0
DA:126,2
DA:127,1
DA:128,1
DA:129,1
DA:131,1
DA:132,1
DA:133,1
DA:134,1
DA:135,1
DA:137,1
DA:138,1
DA:139,1
DA:142,0
DA:143,0
DA:149,136
DA:153,68
DA:157,14
DA:161,326
DA:165,1
DA:166,1
DA:167,1
DA:171,30
DA:172,1
DA:174,30
DA:175,30
DA:179,183
DA:183,83
DA:184,1
DA:188,83
DA:192,10
DA:193,35
DA:194,0
DA:195,0
DA:196,0
DA:197,0
DA:198,0
DA:199,0
DA:200,0
DA:204,3
DA:205,3
DA:207,1
DA:208,0
DA:211,1
DA:215,1
DA:219,2
DA:220,3
LF:96
LH:81
BRDA:67,0,0,2
BRDA:67,0,1,39
BRDA:80,1,0,39
BRDA:80,1,1,39
BRDA:85,2,0,1
BRDA:85,2,1,1
BRDA:107,3,0,1
BRDA:107,3,1,0
BRDA:108,4,0,1
BRDA:108,4,1,0
BRDA:109,5,0,1
BRDA:109,5,1,0
BRDA:110,6,0,1
BRDA:110,6,1,0
BRDA:118,7,0,0
BRDA:118,7,1,0
BRDA:126,8,0,1
BRDA:126,8,1,1
BRDA:171,9,0,1
BRDA:171,9,1,29
BRDA:179,10,0,3
BRDA:179,10,1,180
BRDA:183,11,0,82
BRDA:183,11,1,1
BRDA:193,12,0,10
BRDA:193,12,1,0
BRDA:196,13,0,0
BRDA:196,13,1,0
BRDA:198,14,0,0
BRDA:198,14,1,0
BRDA:204,15,0,0
BRDA:204,15,1,3
BRDA:207,16,0,1
BRDA:207,16,1,0
BRDA:208,17,0,0
BRDA:208,17,1,0
BRDA:219,18,0,1
BRDA:219,18,1,1
BRDA:22,19,0,12
BRDA:22,19,1,12
BRDA:22,20,0,12
BRDA:22,20,1,54
BRDA:22,21,0,1
BRDA:22,21,1,1
BRDA:22,21,2,1
BRDA:22,22,0,1
BRDA:22,22,1,1
BRDA:22,22,2,1
BRF:48
BRH:33
end_of_record
TN:
SF:src/app/pages/login/login.component.html
FN:48,LoginComponent_For_35_Template_button_click_0_listener
FN:14,LoginComponent_Template_form_ngSubmit_14_listener
FN:19,LoginComponent_Template_input_ngModelChange_18_listener
FN:25,LoginComponent_Template_input_ngModelChange_22_listener
FNF:4
FNH:0
FNDA:0,LoginComponent_For_35_Template_button_click_0_listener
FNDA:0,LoginComponent_Template_form_ngSubmit_14_listener
FNDA:0,LoginComponent_Template_input_ngModelChange_18_listener
FNDA:0,LoginComponent_Template_input_ngModelChange_22_listener
DA:1,5
DA:4,5
DA:5,5
DA:6,5
DA:7,5
DA:11,5
DA:12,5
DA:14,5
DA:15,5
DA:16,5
DA:17,5
DA:19,5
DA:21,5
DA:22,5
DA:23,5
DA:25,5
DA:28,5
DA:29,1
DA:32,5
DA:33,5
DA:34,0
DA:36,4
DA:38,5
DA:41,5
DA:43,5
DA:44,5
DA:46,5
DA:47,5
DA:48,12
DA:49,15
DA:50,15
DA:51,15
DA:54,5
LF:33
LH:32
BRDA:19,0,0,0
BRDA:19,0,1,0
BRDA:25,1,0,0
BRDA:25,1,1,0
BRDA:28,2,0,1
BRDA:28,2,1,4
BRDA:33,3,0,0
BRDA:33,3,1,5
BRF:8
BRH:3
end_of_record
TN:
SF:src/app/pages/login/login.component.ts
FN:35,(anonymous_0)
FN:42,(anonymous_1)
FN:50,(anonymous_2)
FN:56,(anonymous_3)
FN:64,(anonymous_4)
FN:23,(anonymous_5)
FNF:6
FNH:6
FNDA:5,(anonymous_0)
FNDA:3,(anonymous_1)
FNDA:1,(anonymous_2)
FNDA:1,(anonymous_3)
FNDA:1,(anonymous_4)
FNDA:1,(anonymous_5)
DA:1,1
DA:23,10
DA:24,5
DA:25,5
DA:26,5
DA:27,5
DA:29,5
DA:36,5
DA:37,5
DA:38,5
DA:39,5
DA:43,3
DA:44,1
DA:45,1
DA:47,2
DA:48,2
DA:49,2
DA:51,1
DA:52,1
DA:53,1
DA:54,1
DA:57,1
DA:58,1
DA:59,1
DA:65,1
DA:66,1
DA:67,1
LF:27
LH:27
BRDA:26,0,0,5
BRDA:27,1,0,5
BRDA:43,2,0,1
BRDA:43,2,1,2
BRDA:43,3,0,3
BRDA:43,3,1,2
BRDA:53,4,0,1
BRDA:53,4,1,1
BRDA:58,5,0,1
BRDA:58,5,1,0
BRDA:23,6,0,5
BRDA:23,6,1,5
BRDA:23,7,0,5
BRDA:23,7,1,5
BRDA:23,8,0,1
BRDA:23,8,1,1
BRDA:23,8,2,1
BRDA:23,9,0,1
BRDA:23,9,1,1
BRDA:23,9,2,1
BRF:20
BRH:19
end_of_record
TN:
SF:src/app/pages/pipeline/pipeline.component.html
FN:45,PipelineComponent_For_8_For_8_Conditional_10_Template_button_click_0_listener
FN:46,PipelineComponent_For_8_For_8_Conditional_10_Template_button_click_2_listener
FN:27,PipelineComponent_For_8_For_8_Template_div_click_0_listener
FN:25,PipelineComponent_For_8_Template_div_cdkDropListDropped_6_listener
FN:59,PipelineComponent_Conditional_9_Template_div_click_0_listener
FN:60,PipelineComponent_Conditional_9_Template_div_click_1_listener
FN:63,PipelineComponent_Conditional_9_Template_button_click_5_listener
FN:65,PipelineComponent_Conditional_9_Template_form_ngSubmit_7_listener
FN:69,PipelineComponent_Conditional_9_Template_input_ngModelChange_12_listener
FN:73,PipelineComponent_Conditional_9_Template_input_ngModelChange_16_listener
FN:77,PipelineComponent_Conditional_9_Template_input_ngModelChange_20_listener
FN:81,PipelineComponent_Conditional_9_Template_input_ngModelChange_24_listener
FN:85,PipelineComponent_Conditional_9_Template_select_ngModelChange_28_listener
FN:94,PipelineComponent_Conditional_9_Template_input_ngModelChange_36_listener
FN:98,PipelineComponent_Conditional_9_Template_input_ngModelChange_42_listener
FN:103,PipelineComponent_Conditional_9_Template_input_ngModelChange_49_listener
FN:107,PipelineComponent_Conditional_9_Template_input_ngModelChange_55_listener
FN:111,PipelineComponent_Conditional_9_Template_input_ngModelChange_59_listener
FN:116,PipelineComponent_Conditional_9_Template_textarea_ngModelChange_63_listener
FN:119,PipelineComponent_Conditional_9_Template_button_click_65_listener
FNF:20
FNH:0
FNDA:0,PipelineComponent_For_8_For_8_Conditional_10_Template_button_click_0_listener
FNDA:0,PipelineComponent_For_8_For_8_Conditional_10_Template_button_click_2_listener
FNDA:0,PipelineComponent_For_8_For_8_Template_div_click_0_listener
FNDA:0,PipelineComponent_For_8_Template_div_cdkDropListDropped_6_listener
FNDA:0,PipelineComponent_Conditional_9_Template_div_click_0_listener
FNDA:0,PipelineComponent_Conditional_9_Template_div_click_1_listener
FNDA:0,PipelineComponent_Conditional_9_Template_button_click_5_listener
FNDA:0,PipelineComponent_Conditional_9_Template_form_ngSubmit_7_listener
FNDA:0,PipelineComponent_Conditional_9_Template_input_ngModelChange_12_listener
FNDA:0,PipelineComponent_Conditional_9_Template_input_ngModelChange_16_listener
FNDA:0,PipelineComponent_Conditional_9_Template_input_ngModelChange_20_listener
FNDA:0,PipelineComponent_Conditional_9_Template_input_ngModelChange_24_listener
FNDA:0,PipelineComponent_Conditional_9_Template_select_ngModelChange_28_listener
FNDA:0,PipelineComponent_Conditional_9_Template_input_ngModelChange_36_listener
FNDA:0,PipelineComponent_Conditional_9_Template_input_ngModelChange_42_listener
FNDA:0,PipelineComponent_Conditional_9_Template_input_ngModelChange_49_listener
FNDA:0,PipelineComponent_Conditional_9_Template_input_ngModelChange_55_listener
FNDA:0,PipelineComponent_Conditional_9_Template_input_ngModelChange_59_listener
FNDA:0,PipelineComponent_Conditional_9_Template_textarea_ngModelChange_63_listener
FNDA:0,PipelineComponent_Conditional_9_Template_button_click_65_listener
DA:1,4
DA:4,4
DA:5,18
DA:6,10
DA:7,10
DA:9,4
DA:12,4
DA:13,18
DA:14,24
DA:15,108
DA:16,108
DA:17,108
DA:19,24
DA:22,108
DA:25,0
DA:26,108
DA:27,7
DA:28,7
DA:29,7
DA:30,7
DA:31,0
DA:33,7
DA:34,0
DA:35,0
DA:36,0
DA:38,0
DA:40,7
DA:41,0
DA:43,7
DA:44,7
DA:45,3
DA:46,3
DA:48,3
DA:50,24
DA:52,24
DA:55,4
DA:58,18
DA:59,0
DA:60,0
DA:61,0
DA:62,0
DA:63,0
DA:65,0
DA:66,0
DA:68,0
DA:69,0
DA:71,0
DA:72,0
DA:73,0
DA:75,0
DA:76,0
DA:77,0
DA:79,0
DA:80,0
DA:81,0
DA:83,0
DA:84,0
DA:85,0
DA:86,0
DA:87,0
DA:89,0
DA:92,0
DA:93,0
DA:94,0
DA:96,0
DA:97,0
DA:98,0
DA:100,0
DA:102,0
DA:103,0
DA:105,0
DA:106,0
DA:107,0
DA:109,0
DA:110,0
DA:111,0
DA:114,0
DA:115,0
DA:116,0
DA:118,0
DA:119,0
DA:120,0
LF:82
LH:30
BRDA:30,0,0,0
BRDA:30,0,1,7
BRDA:33,1,0,0
BRDA:33,1,1,7
BRDA:40,2,0,0
BRDA:40,2,1,7
BRDA:44,3,0,7
BRDA:44,3,1,0
BRDA:69,4,0,0
BRDA:69,4,1,0
BRDA:73,5,0,0
BRDA:73,5,1,0
BRDA:77,6,0,0
BRDA:77,6,1,0
BRDA:81,7,0,0
BRDA:81,7,1,0
BRDA:85,8,0,0
BRDA:85,8,1,0
BRDA:94,9,0,0
BRDA:94,9,1,0
BRDA:98,10,0,0
BRDA:98,10,1,0
BRDA:103,11,0,0
BRDA:103,11,1,0
BRDA:107,12,0,0
BRDA:107,12,1,0
BRDA:111,13,0,0
BRDA:111,13,1,0
BRDA:116,14,0,0
BRDA:116,14,1,0
BRDA:5,15,0,10
BRDA:5,15,1,8
BRDA:58,16,0,0
BRDA:58,16,1,18
BRF:34
BRH:7
end_of_record
TN:
SF:src/app/pages/pipeline/pipeline.component.ts
FN:27,(anonymous_0)
FN:32,(anonymous_1)
FN:34,(anonymous_2)
FN:38,(anonymous_3)
FN:45,(anonymous_4)
FN:48,(anonymous_5)
FN:56,(anonymous_6)
FN:60,(anonymous_7)
FN:67,(anonymous_8)
FN:68,(anonymous_9)
FN:71,(anonymous_10)
FN:90,(anonymous_11)
FN:95,(anonymous_12)
FN:112,(anonymous_13)
FN:118,(anonymous_14)
FN:125,(anonymous_15)
FN:136,(anonymous_16)
FN:140,(anonymous_17)
FN:142,(anonymous_18)
FN:146,(anonymous_19)
FN:150,(anonymous_20)
FN:154,(anonymous_21)
FN:158,(anonymous_22)
FN:160,(anonymous_23)
FN:160,(anonymous_24)
FN:21,(anonymous_25)
FNF:26
FNH:18
FNDA:28,(anonymous_0)
FNDA:7,(anonymous_1)
FNDA:0,(anonymous_2)
FNDA:4,(anonymous_3)
FNDA:4,(anonymous_4)
FNDA:4,(anonymous_5)
FNDA:4,(anonymous_6)
FNDA:4,(anonymous_7)
FNDA:218,(anonymous_8)
FNDA:88,(anonymous_9)
FNDA:1,(anonymous_10)
FNDA:1,(anonymous_11)
FNDA:0,(anonymous_12)
FNDA:0,(anonymous_13)
FNDA:0,(anonymous_14)
FNDA:0,(anonymous_15)
FNDA:0,(anonymous_16)
FNDA:0,(anonymous_17)
FNDA:0,(anonymous_18)
FNDA:109,(anonymous_19)
FNDA:109,(anonymous_20)
FNDA:7,(anonymous_21)
FNDA:2,(anonymous_22)
FNDA:2,(anonymous_23)
FNDA:2,(anonymous_24)
FNDA:1,(anonymous_25)
DA:1,1
DA:4,1
DA:9,1
DA:21,22
DA:22,4
DA:23,4
DA:24,4
DA:25,4
DA:27,28
DA:28,4
DA:30,4
DA:31,4
DA:32,7
DA:35,0
DA:39,4
DA:40,4
DA:41,4
DA:42,4
DA:46,4
DA:47,4
DA:49,4
DA:50,4
DA:53,4
DA:57,4
DA:58,4
DA:59,4
DA:61,4
DA:62,4
DA:68,218
DA:72,1
DA:73,1
DA:91,1
DA:92,1
DA:96,0
DA:97,0
DA:112,0
DA:113,0
DA:114,0
DA:119,0
DA:120,0
DA:121,0
DA:125,0
DA:126,0
DA:127,0
DA:128,0
DA:129,0
DA:132,0
DA:136,0
DA:141,0
DA:142,0
DA:147,109
DA:151,109
DA:155,7
DA:159,2
DA:160,2
LF:55
LH:37
BRDA:57,0,0,4
BRDA:57,0,1,0
BRDA:58,1,0,0
BRDA:58,1,1,4
BRDA:81,2,0,1
BRDA:81,2,1,0
BRDA:82,3,0,1
BRDA:82,3,1,1
BRDA:83,4,0,1
BRDA:83,4,1,1
BRDA:84,5,0,1
BRDA:84,5,1,0
BRDA:96,6,0,0
BRDA:96,6,1,0
BRDA:98,7,0,0
BRDA:98,7,1,0
BRDA:99,8,0,0
BRDA:99,8,1,0
BRDA:100,9,0,0
BRDA:100,9,1,0
BRDA:101,10,0,0
BRDA:101,10,1,0
BRDA:102,11,0,0
BRDA:102,11,1,0
BRDA:103,12,0,0
BRDA:103,12,1,0
BRDA:104,13,0,0
BRDA:104,13,1,0
BRDA:105,14,0,0
BRDA:105,14,1,0
BRDA:106,15,0,0
BRDA:106,15,1,0
BRDA:107,16,0,0
BRDA:107,16,1,0
BRDA:108,17,0,0
BRDA:108,17,1,0
BRDA:109,18,0,0
BRDA:109,18,1,0
BRDA:121,19,0,0
BRDA:121,19,1,0
BRDA:126,20,0,0
BRDA:126,20,1,0
BRDA:141,21,0,0
BRDA:141,21,1,0
BRDA:159,22,0,1
BRDA:159,22,1,1
BRDA:21,23,0,4
BRDA:21,23,1,4
BRDA:21,24,0,4
BRDA:21,24,1,18
BRDA:21,25,0,1
BRDA:21,25,1,1
BRDA:21,25,2,1
BRDA:21,26,0,1
BRDA:21,26,1,1
BRDA:21,26,2,1
BRF:56
BRH:20
end_of_record
TN:
SF:src/app/pages/talent/talent.component.html
FN:9,TalentComponent_Conditional_8_Template_button_click_0_listener
FN:10,TalentComponent_Conditional_8_Template_button_click_2_listener
FN:27,TalentComponent_Conditional_14_Template_button_click_0_listener
FN:41,TalentComponent_Conditional_19_Template_button_click_0_listener
FN:88,TalentComponent_Conditional_37_Conditional_5_Template_button_click_0_listener
FN:106,TalentComponent_Conditional_38_For_2_Conditional_11_Template_button_click_1_listener
FN:107,TalentComponent_Conditional_38_For_2_Conditional_11_Template_button_click_3_listener
FN:124,TalentComponent_Conditional_38_For_2_Conditional_16_For_2_Template_span_click_0_listener
FN:136,TalentComponent_Conditional_38_For_2_Conditional_21_Template_a_click_0_listener
FN:94,TalentComponent_Conditional_38_For_2_Template_div_click_0_listener
FN:149,TalentComponent_Conditional_38_Conditional_3_For_4_Conditional_1_Template_button_click_0_listener
FN:144,TalentComponent_Conditional_38_Conditional_3_Template_button_click_1_listener
FN:152,TalentComponent_Conditional_38_Conditional_3_Template_button_click_5_listener
FN:160,TalentComponent_Conditional_39_Template_div_click_0_listener
FN:161,TalentComponent_Conditional_39_Template_div_click_1_listener
FN:164,TalentComponent_Conditional_39_Template_button_click_5_listener
FN:166,TalentComponent_Conditional_39_Template_form_ngSubmit_7_listener
FN:170,TalentComponent_Conditional_39_Template_input_ngModelChange_12_listener
FN:174,TalentComponent_Conditional_39_Template_input_ngModelChange_16_listener
FN:178,TalentComponent_Conditional_39_Template_input_ngModelChange_20_listener
FN:182,TalentComponent_Conditional_39_Template_input_ngModelChange_24_listener
FN:186,TalentComponent_Conditional_39_Template_select_ngModelChange_28_listener
FN:195,TalentComponent_Conditional_39_Template_select_ngModelChange_36_listener
FN:204,TalentComponent_Conditional_39_Template_input_ngModelChange_44_listener
FN:208,TalentComponent_Conditional_39_Template_input_ngModelChange_50_listener
FN:213,TalentComponent_Conditional_39_Template_input_ngModelChange_57_listener
FN:217,TalentComponent_Conditional_39_Template_input_ngModelChange_63_listener
FN:221,TalentComponent_Conditional_39_Template_input_ngModelChange_67_listener
FN:226,TalentComponent_Conditional_39_Template_textarea_ngModelChange_71_listener
FN:229,TalentComponent_Conditional_39_Template_button_click_73_listener
FN:238,TalentComponent_Conditional_40_Template_div_click_0_listener
FN:239,TalentComponent_Conditional_40_Template_div_click_1_listener
FN:242,TalentComponent_Conditional_40_Template_button_click_5_listener
FN:244,TalentComponent_Conditional_40_Template_form_ngSubmit_7_listener
FN:248,TalentComponent_Conditional_40_Template_input_ngModelChange_12_listener
FN:252,TalentComponent_Conditional_40_Template_input_ngModelChange_16_listener
FN:256,TalentComponent_Conditional_40_Template_input_ngModelChange_20_listener
FN:260,TalentComponent_Conditional_40_Template_input_ngModelChange_24_listener
FN:264,TalentComponent_Conditional_40_Template_select_ngModelChange_28_listener
FN:272,TalentComponent_Conditional_40_Template_select_ngModelChange_34_listener
FN:281,TalentComponent_Conditional_40_Template_input_ngModelChange_42_listener
FN:285,TalentComponent_Conditional_40_Template_input_ngModelChange_48_listener
FN:290,TalentComponent_Conditional_40_Template_input_ngModelChange_55_listener
FN:294,TalentComponent_Conditional_40_Template_input_ngModelChange_61_listener
FN:298,TalentComponent_Conditional_40_Template_input_ngModelChange_65_listener
FN:303,TalentComponent_Conditional_40_Template_textarea_ngModelChange_69_listener
FN:306,TalentComponent_Conditional_40_Template_button_click_71_listener
FN:383,TalentComponent_Conditional_41_Conditional_39_Template_a_click_0_listener
FN:315,TalentComponent_Conditional_41_Template_div_click_0_listener
FN:316,TalentComponent_Conditional_41_Template_div_click_1_listener
FN:325,TalentComponent_Conditional_41_Template_button_click_11_listener
FN:385,TalentComponent_Conditional_41_Template_button_click_40_listener
FN:393,TalentComponent_Conditional_42_Template_div_click_0_listener
FN:394,TalentComponent_Conditional_42_Template_div_click_1_listener
FN:397,TalentComponent_Conditional_42_Template_button_click_5_listener
FN:401,TalentComponent_Conditional_42_Template_label_dragover_10_listener
FN:401,TalentComponent_Conditional_42_Template_label_drop_10_listener
FN:411,TalentComponent_Conditional_42_Template_input_change_13_listener
FN:417,TalentComponent_Conditional_42_Template_button_click_16_listener
FN:418,TalentComponent_Conditional_42_Template_button_click_18_listener
FN:23,TalentComponent_Template_input_ngModelChange_13_listener
FN:24,TalentComponent_Template_input_ngModelChange_13_listener
FN:37,TalentComponent_Template_input_ngModelChange_18_listener
FN:38,TalentComponent_Template_input_ngModelChange_18_listener
FN:45,TalentComponent_Template_select_ngModelChange_20_listener
FN:45,TalentComponent_Template_select_ngModelChange_20_listener
FN:52,TalentComponent_Template_select_ngModelChange_25_listener
FN:52,TalentComponent_Template_select_ngModelChange_25_listener
FN:59,TalentComponent_Template_select_ngModelChange_30_listener
FN:59,TalentComponent_Template_select_ngModelChange_30_listener
FN:65,TalentComponent_Template_button_click_33_listener
FNF:71
FNH:0
FNDA:0,TalentComponent_Conditional_8_Template_button_click_0_listener
FNDA:0,TalentComponent_Conditional_8_Template_button_click_2_listener
FNDA:0,TalentComponent_Conditional_14_Template_button_click_0_listener
FNDA:0,TalentComponent_Conditional_19_Template_button_click_0_listener
FNDA:0,TalentComponent_Conditional_37_Conditional_5_Template_button_click_0_listener
FNDA:0,TalentComponent_Conditional_38_For_2_Conditional_11_Template_button_click_1_listener
FNDA:0,TalentComponent_Conditional_38_For_2_Conditional_11_Template_button_click_3_listener
FNDA:0,TalentComponent_Conditional_38_For_2_Conditional_16_For_2_Template_span_click_0_listener
FNDA:0,TalentComponent_Conditional_38_For_2_Conditional_21_Template_a_click_0_listener
FNDA:0,TalentComponent_Conditional_38_For_2_Template_div_click_0_listener
FNDA:0,TalentComponent_Conditional_38_Conditional_3_For_4_Conditional_1_Template_button_click_0_listener
FNDA:0,TalentComponent_Conditional_38_Conditional_3_Template_button_click_1_listener
FNDA:0,TalentComponent_Conditional_38_Conditional_3_Template_button_click_5_listener
FNDA:0,TalentComponent_Conditional_39_Template_div_click_0_listener
FNDA:0,TalentComponent_Conditional_39_Template_div_click_1_listener
FNDA:0,TalentComponent_Conditional_39_Template_button_click_5_listener
FNDA:0,TalentComponent_Conditional_39_Template_form_ngSubmit_7_listener
FNDA:0,TalentComponent_Conditional_39_Template_input_ngModelChange_12_listener
FNDA:0,TalentComponent_Conditional_39_Template_input_ngModelChange_16_listener
FNDA:0,TalentComponent_Conditional_39_Template_input_ngModelChange_20_listener
FNDA:0,TalentComponent_Conditional_39_Template_input_ngModelChange_24_listener
FNDA:0,TalentComponent_Conditional_39_Template_select_ngModelChange_28_listener
FNDA:0,TalentComponent_Conditional_39_Template_select_ngModelChange_36_listener
FNDA:0,TalentComponent_Conditional_39_Template_input_ngModelChange_44_listener
FNDA:0,TalentComponent_Conditional_39_Template_input_ngModelChange_50_listener
FNDA:0,TalentComponent_Conditional_39_Template_input_ngModelChange_57_listener
FNDA:0,TalentComponent_Conditional_39_Template_input_ngModelChange_63_listener
FNDA:0,TalentComponent_Conditional_39_Template_input_ngModelChange_67_listener
FNDA:0,TalentComponent_Conditional_39_Template_textarea_ngModelChange_71_listener
FNDA:0,TalentComponent_Conditional_39_Template_button_click_73_listener
FNDA:0,TalentComponent_Conditional_40_Template_div_click_0_listener
FNDA:0,TalentComponent_Conditional_40_Template_div_click_1_listener
FNDA:0,TalentComponent_Conditional_40_Template_button_click_5_listener
FNDA:0,TalentComponent_Conditional_40_Template_form_ngSubmit_7_listener
FNDA:0,TalentComponent_Conditional_40_Template_input_ngModelChange_12_listener
FNDA:0,TalentComponent_Conditional_40_Template_input_ngModelChange_16_listener
FNDA:0,TalentComponent_Conditional_40_Template_input_ngModelChange_20_listener
FNDA:0,TalentComponent_Conditional_40_Template_input_ngModelChange_24_listener
FNDA:0,TalentComponent_Conditional_40_Template_select_ngModelChange_28_listener
FNDA:0,TalentComponent_Conditional_40_Template_select_ngModelChange_34_listener
FNDA:0,TalentComponent_Conditional_40_Template_input_ngModelChange_42_listener
FNDA:0,TalentComponent_Conditional_40_Template_input_ngModelChange_48_listener
FNDA:0,TalentComponent_Conditional_40_Template_input_ngModelChange_55_listener
FNDA:0,TalentComponent_Conditional_40_Template_input_ngModelChange_61_listener
FNDA:0,TalentComponent_Conditional_40_Template_input_ngModelChange_65_listener
FNDA:0,TalentComponent_Conditional_40_Template_textarea_ngModelChange_69_listener
FNDA:0,TalentComponent_Conditional_40_Template_button_click_71_listener
FNDA:0,TalentComponent_Conditional_41_Conditional_39_Template_a_click_0_listener
FNDA:0,TalentComponent_Conditional_41_Template_div_click_0_listener
FNDA:0,TalentComponent_Conditional_41_Template_div_click_1_listener
FNDA:0,TalentComponent_Conditional_41_Template_button_click_11_listener
FNDA:0,TalentComponent_Conditional_41_Template_button_click_40_listener
FNDA:0,TalentComponent_Conditional_42_Template_div_click_0_listener
FNDA:0,TalentComponent_Conditional_42_Template_div_click_1_listener
FNDA:0,TalentComponent_Conditional_42_Template_button_click_5_listener
FNDA:0,TalentComponent_Conditional_42_Template_label_dragover_10_listener
FNDA:0,TalentComponent_Conditional_42_Template_label_drop_10_listener
FNDA:0,TalentComponent_Conditional_42_Template_input_change_13_listener
FNDA:0,TalentComponent_Conditional_42_Template_button_click_16_listener
FNDA:0,TalentComponent_Conditional_42_Template_button_click_18_listener
FNDA:0,TalentComponent_Template_input_ngModelChange_13_listener
FNDA:0,TalentComponent_Template_input_ngModelChange_13_listener
FNDA:0,TalentComponent_Template_input_ngModelChange_18_listener
FNDA:0,TalentComponent_Template_input_ngModelChange_18_listener
FNDA:0,TalentComponent_Template_select_ngModelChange_20_listener
FNDA:0,TalentComponent_Template_select_ngModelChange_20_listener
FNDA:0,TalentComponent_Template_select_ngModelChange_25_listener
FNDA:0,TalentComponent_Template_select_ngModelChange_25_listener
FNDA:0,TalentComponent_Template_select_ngModelChange_30_listener
FNDA:0,TalentComponent_Template_select_ngModelChange_30_listener
FNDA:0,TalentComponent_Template_button_click_33_listener
DA:1,16
DA:4,16
DA:5,103
DA:7,16
DA:8,103
DA:9,16
DA:10,16
DA:12,16
DA:16,16
DA:18,16
DA:19,16
DA:23,103
DA:24,16
DA:26,103
DA:27,0
DA:29,16
DA:31,16
DA:32,16
DA:33,16
DA:37,103
DA:38,16
DA:40,103
DA:41,1
DA:43,16
DA:45,103
DA:46,16
DA:47,103
DA:48,0
DA:50,16
DA:52,103
DA:53,103
DA:54,103
DA:55,0
DA:57,16
DA:59,103
DA:60,103
DA:61,412
DA:63,16
DA:65,103
DA:66,16
DA:67,16
DA:71,103
DA:72,1
DA:73,2
DA:74,2
DA:75,1
DA:79,103
DA:80,21
DA:81,21
DA:82,21
DA:84,17
DA:85,17
DA:86,17
DA:87,20
DA:88,1
DA:90,17
DA:92,4
DA:93,13
DA:94,45
DA:95,45
DA:96,73
DA:97,45
DA:98,73
DA:99,73
DA:101,73
DA:102,73
DA:103,45
DA:104,73
DA:105,45
DA:106,45
DA:107,45
DA:110,45
DA:112,45
DA:113,73
DA:114,73
DA:115,73
DA:117,45
DA:119,73
DA:120,45
DA:121,73
DA:122,45
DA:123,73
DA:124,73
DA:126,45
DA:129,73
DA:130,3
DA:133,45
DA:134,73
DA:135,73
DA:136,73
DA:138,45
DA:141,4
DA:142,13
DA:143,1
DA:144,6
DA:145,6
DA:146,18
DA:147,0
DA:149,18
DA:152,6
DA:153,6
DA:157,16
DA:159,103
DA:160,0
DA:161,0
DA:162,0
DA:163,0
DA:164,0
DA:166,0
DA:167,0
DA:169,0
DA:170,0
DA:172,0
DA:173,0
DA:174,0
DA:176,0
DA:177,0
DA:178,0
DA:180,0
DA:181,0
DA:182,0
DA:184,0
DA:185,0
DA:186,0
DA:187,0
DA:188,0
DA:189,0
DA:191,0
DA:193,0
DA:194,0
DA:195,0
DA:196,0
DA:197,0
DA:199,0
DA:202,0
DA:203,0
DA:204,0
DA:206,0
DA:207,0
DA:208,0
DA:210,0
DA:212,0
DA:213,0
DA:215,0
DA:216,0
DA:217,0
DA:219,0
DA:220,0
DA:221,0
DA:224,0
DA:225,0
DA:226,0
DA:228,0
DA:229,0
DA:230,0
DA:237,103
DA:238,0
DA:239,0
DA:240,0
DA:241,0
DA:242,0
DA:244,0
DA:245,0
DA:247,0
DA:248,0
DA:250,0
DA:251,0
DA:252,0
DA:254,0
DA:255,0
DA:256,0
DA:258,0
DA:259,0
DA:260,0
DA:262,0
DA:263,0
DA:264,0
DA:265,0
DA:266,0
DA:268,0
DA:270,0
DA:271,0
DA:272,0
DA:273,0
DA:274,0
DA:276,0
DA:279,0
DA:280,0
DA:281,0
DA:283,0
DA:284,0
DA:285,0
DA:287,0
DA:289,0
DA:290,0
DA:292,0
DA:293,0
DA:294,0
DA:296,0
DA:297,0
DA:298,0
DA:301,0
DA:302,0
DA:303,0
DA:305,0
DA:306,0
DA:307,0
DA:314,103
DA:315,0
DA:316,0
DA:317,0
DA:319,0
DA:320,0
DA:321,0
DA:322,0
DA:325,0
DA:327,0
DA:329,0
DA:330,0
DA:331,0
DA:333,0
DA:335,0
DA:336,0
DA:338,0
DA:339,0
DA:340,0
DA:341,0
DA:344,0
DA:345,0
DA:346,0
DA:348,0
DA:349,0
DA:350,0
DA:352,0
DA:353,0
DA:354,0
DA:355,0
DA:358,0
DA:359,0
DA:360,0
DA:361,0
DA:364,0
DA:365,0
DA:366,0
DA:367,0
DA:368,0
DA:369,0
DA:370,0
DA:372,0
DA:375,0
DA:376,0
DA:377,0
DA:378,0
DA:381,0
DA:382,0
DA:383,0
DA:385,0
DA:392,103
DA:393,0
DA:394,0
DA:395,0
DA:396,0
DA:397,0
DA:399,0
DA:400,0
DA:401,0
DA:402,0
DA:403,0
DA:404,0
DA:405,0
DA:407,0
DA:408,0
DA:409,0
DA:411,0
DA:413,0
DA:414,0
DA:416,0
DA:417,0
DA:418,0
DA:419,0
DA:420,0
LF:281
LH:102
BRDA:73,0,0,2
BRDA:73,0,1,0
BRDA:74,1,0,0
BRDA:74,1,1,2
BRDA:87,2,0,1
BRDA:87,2,1,19
BRDA:104,3,0,73
BRDA:104,3,1,0
BRDA:114,4,0,73
BRDA:114,4,1,0
BRDA:119,5,0,73
BRDA:119,5,1,0
BRDA:129,6,0,3
BRDA:129,6,1,70
BRDA:135,7,0,73
BRDA:135,7,1,0
BRDA:146,8,0,0
BRDA:146,8,1,18
BRDA:142,9,0,6
BRDA:142,9,1,7
BRDA:170,10,0,0
BRDA:170,10,1,0
BRDA:174,11,0,0
BRDA:174,11,1,0
BRDA:178,12,0,0
BRDA:178,12,1,0
BRDA:182,13,0,0
BRDA:182,13,1,0
BRDA:186,14,0,0
BRDA:186,14,1,0
BRDA:195,15,0,0
BRDA:195,15,1,0
BRDA:204,16,0,0
BRDA:204,16,1,0
BRDA:208,17,0,0
BRDA:208,17,1,0
BRDA:213,18,0,0
BRDA:213,18,1,0
BRDA:217,19,0,0
BRDA:217,19,1,0
BRDA:221,20,0,0
BRDA:221,20,1,0
BRDA:226,21,0,0
BRDA:226,21,1,0
BRDA:248,22,0,0
BRDA:248,22,1,0
BRDA:252,23,0,0
BRDA:252,23,1,0
BRDA:256,24,0,0
BRDA:256,24,1,0
BRDA:260,25,0,0
BRDA:260,25,1,0
BRDA:264,26,0,0
BRDA:264,26,1,0
BRDA:272,27,0,0
BRDA:272,27,1,0
BRDA:281,28,0,0
BRDA:281,28,1,0
BRDA:285,29,0,0
BRDA:285,29,1,0
BRDA:290,30,0,0
BRDA:290,30,1,0
BRDA:294,31,0,0
BRDA:294,31,1,0
BRDA:298,32,0,0
BRDA:298,32,1,0
BRDA:303,33,0,0
BRDA:303,33,1,0
BRDA:338,34,0,0
BRDA:338,34,1,0
BRDA:352,35,0,0
BRDA:352,35,1,0
BRDA:358,36,0,0
BRDA:358,36,1,0
BRDA:365,37,0,0
BRDA:365,37,1,0
BRDA:375,38,0,0
BRDA:375,38,1,0
BRDA:382,39,0,0
BRDA:382,39,1,0
BRDA:402,40,0,0
BRDA:402,40,1,0
BRDA:413,41,0,0
BRDA:413,41,1,0
BRDA:418,42,0,0
BRDA:418,42,1,0
BRDA:419,43,0,0
BRDA:419,43,1,0
BRDA:23,44,0,0
BRDA:23,44,1,0
BRDA:37,45,0,0
BRDA:37,45,1,0
BRDA:45,46,0,0
BRDA:45,46,1,0
BRDA:52,47,0,0
BRDA:52,47,1,0
BRDA:59,48,0,0
BRDA:59,48,1,0
BRDA:5,49,0,96
BRDA:5,49,1,7
BRDA:8,50,0,103
BRDA:8,50,1,0
BRDA:26,51,0,0
BRDA:26,51,1,103
BRDA:40,52,0,2
BRDA:40,52,1,101
BRDA:71,53,0,2
BRDA:71,53,1,101
BRDA:79,54,0,90
BRDA:79,54,1,46
BRDA:159,55,0,0
BRDA:159,55,1,103
BRDA:237,56,0,0
BRDA:237,56,1,103
BRDA:314,57,0,0
BRDA:314,57,1,103
BRDA:392,58,0,0
BRDA:392,58,1,103
BRF:118
BRH:27
end_of_record
TN:
SF:src/app/pages/talent/talent.component.ts
FN:51,(anonymous_0)
FN:69,(anonymous_1)
FN:77,(anonymous_2)
FN:83,(anonymous_3)
FN:84,(anonymous_4)
FN:88,(anonymous_5)
FN:90,(anonymous_6)
FN:95,(anonymous_7)
FN:100,(anonymous_8)
FN:101,(anonymous_9)
FN:103,(anonymous_10)
FN:118,(anonymous_11)
FN:125,(anonymous_12)
FN:129,(anonymous_13)
FN:134,(anonymous_14)
FN:138,(anonymous_15)
FN:143,(anonymous_16)
FN:144,(anonymous_17)
FN:146,(anonymous_18)
FN:148,(anonymous_19)
FN:155,(anonymous_20)
FN:157,(anonymous_21)
FN:160,(anonymous_22)
FN:162,(anonymous_23)
FN:162,(anonymous_24)
FN:165,(anonymous_25)
FN:169,(anonymous_26)
FN:173,(anonymous_27)
FN:178,(anonymous_28)
FN:182,(anonymous_29)
FN:187,(anonymous_30)
FN:192,(anonymous_31)
FN:208,(anonymous_32)
FN:214,(anonymous_33)
FN:233,(anonymous_34)
FN:238,(anonymous_35)
FN:255,(anonymous_36)
FN:261,(anonymous_37)
FN:263,(anonymous_38)
FN:267,(anonymous_39)
FN:273,(anonymous_40)
FN:280,(anonymous_41)
FN:286,(anonymous_42)
FN:290,(anonymous_43)
FN:296,(anonymous_44)
FN:302,(anonymous_45)
FN:309,(anonymous_46)
FN:317,(anonymous_47)
FN:323,(anonymous_48)
FN:327,(anonymous_49)
FN:331,(anonymous_50)
FN:336,(anonymous_51)
FN:340,(anonymous_52)
FN:342,(anonymous_53)
FN:352,(anonymous_54)
FN:356,(anonymous_55)
FN:357,(anonymous_56)
FN:24,(anonymous_57)
FNF:58
FNH:40
FNDA:16,(anonymous_0)
FNDA:176,(anonymous_1)
FNDA:16,(anonymous_2)
FNDA:16,(anonymous_3)
FNDA:16,(anonymous_4)
FNDA:0,(anonymous_5)
FNDA:0,(anonymous_6)
FNDA:16,(anonymous_7)
FNDA:0,(anonymous_8)
FNDA:0,(anonymous_9)
FNDA:21,(anonymous_10)
FNDA:21,(anonymous_11)
FNDA:0,(anonymous_12)
FNDA:1,(anonymous_13)
FNDA:250,(anonymous_14)
FNDA:1,(anonymous_15)
FNDA:2,(anonymous_16)
FNDA:1,(anonymous_17)
FNDA:1,(anonymous_18)
FNDA:1,(anonymous_19)
FNDA:75,(anonymous_20)
FNDA:2,(anonymous_21)
FNDA:75,(anonymous_22)
FNDA:75,(anonymous_23)
FNDA:75,(anonymous_24)
FNDA:74,(anonymous_25)
FNDA:74,(anonymous_26)
FNDA:74,(anonymous_27)
FNDA:73,(anonymous_28)
FNDA:1,(anonymous_29)
FNDA:1,(anonymous_30)
FNDA:0,(anonymous_31)
FNDA:0,(anonymous_32)
FNDA:0,(anonymous_33)
FNDA:0,(anonymous_34)
FNDA:0,(anonymous_35)
FNDA:0,(anonymous_36)
FNDA:0,(anonymous_37)
FNDA:0,(anonymous_38)
FNDA:2,(anonymous_39)
FNDA:1,(anonymous_40)
FNDA:1,(anonymous_41)
FNDA:0,(anonymous_42)
FNDA:0,(anonymous_43)
FNDA:1,(anonymous_44)
FNDA:1,(anonymous_45)
FNDA:0,(anonymous_46)
FNDA:3,(anonymous_47)
FNDA:0,(anonymous_48)
FNDA:0,(anonymous_49)
FNDA:13,(anonymous_50)
FNDA:35,(anonymous_51)
FNDA:6,(anonymous_52)
FNDA:18,(anonymous_53)
FNDA:3,(anonymous_54)
FNDA:1,(anonymous_55)
FNDA:1,(anonymous_56)
FNDA:1,(anonymous_57)
DA:1,1
DA:9,1
DA:10,1
DA:15,1
DA:24,119
DA:25,16
DA:26,16
DA:27,16
DA:28,16
DA:30,16
DA:31,16
DA:32,16
DA:33,16
DA:34,16
DA:35,16
DA:36,16
DA:37,16
DA:38,16
DA:40,16
DA:41,16
DA:43,16
DA:52,16
DA:53,16
DA:54,16
DA:56,0
DA:60,16
DA:67,16
DA:68,16
DA:69,176
DA:71,16
DA:73,16
DA:74,16
DA:75,16
DA:78,16
DA:79,16
DA:80,16
DA:84,16
DA:87,16
DA:88,0
DA:89,16
DA:90,0
DA:92,16
DA:96,16
DA:97,16
DA:100,0
DA:101,0
DA:104,21
DA:105,21
DA:106,21
DA:107,21
DA:111,21
DA:119,21
DA:120,21
DA:121,21
DA:122,21
DA:123,21
DA:125,0
DA:130,1
DA:131,1
DA:135,250
DA:139,1
DA:140,1
DA:144,2
DA:145,2
DA:146,2
DA:147,2
DA:148,1
DA:150,1
DA:152,2
DA:156,75
DA:157,2
DA:161,75
DA:162,75
DA:166,74
DA:170,74
DA:174,74
DA:175,74
DA:179,73
DA:183,1
DA:184,1
DA:188,1
DA:189,1
DA:193,0
DA:208,0
DA:209,0
DA:210,0
DA:215,0
DA:216,0
DA:234,0
DA:235,0
DA:239,0
DA:240,0
DA:255,0
DA:256,0
DA:257,0
DA:262,0
DA:263,0
DA:268,2
DA:269,2
DA:270,2
DA:274,1
DA:275,1
DA:276,1
DA:277,1
DA:281,1
DA:282,1
DA:283,1
DA:287,0
DA:291,0
DA:292,0
DA:293,0
DA:297,1
DA:298,1
DA:299,1
DA:300,1
DA:301,1
DA:303,1
DA:304,1
DA:305,1
DA:306,1
DA:307,1
DA:310,0
DA:311,0
DA:312,0
DA:318,3
DA:319,2
DA:320,1
DA:324,0
DA:328,0
DA:332,13
DA:333,13
DA:337,35
DA:341,6
DA:342,18
DA:343,0
DA:344,0
DA:345,0
DA:346,0
DA:347,0
DA:348,0
DA:349,0
DA:353,3
DA:354,3
DA:356,1
DA:357,1
LF:145
LH:108
BRDA:54,0,0,16
BRDA:54,0,1,16
BRDA:112,1,0,21
BRDA:112,1,1,21
BRDA:113,2,0,21
BRDA:113,2,1,20
BRDA:114,3,0,21
BRDA:114,3,1,21
BRDA:115,4,0,21
BRDA:115,4,1,21
BRDA:121,5,0,20
BRDA:121,5,1,1
BRDA:135,6,0,250
BRDA:135,6,1,249
BRDA:135,6,2,242
BRDA:135,6,3,242
BRDA:144,7,0,1
BRDA:144,7,1,1
BRDA:147,8,0,1
BRDA:147,8,1,1
BRDA:156,9,0,73
BRDA:156,9,1,2
BRDA:161,10,0,1
BRDA:161,10,1,74
BRDA:166,11,0,74
BRDA:166,11,1,0
BRDA:170,12,0,74
BRDA:170,12,1,0
BRDA:174,13,0,74
BRDA:174,13,1,0
BRDA:194,14,0,0
BRDA:194,14,1,0
BRDA:195,15,0,0
BRDA:195,15,1,0
BRDA:196,16,0,0
BRDA:196,16,1,0
BRDA:197,17,0,0
BRDA:197,17,1,0
BRDA:199,18,0,0
BRDA:199,18,1,0
BRDA:200,19,0,0
BRDA:200,19,1,0
BRDA:201,20,0,0
BRDA:201,20,1,0
BRDA:202,21,0,0
BRDA:202,21,1,0
BRDA:203,22,0,0
BRDA:203,22,1,0
BRDA:204,23,0,0
BRDA:204,23,1,0
BRDA:205,24,0,0
BRDA:205,24,1,0
BRDA:224,25,0,0
BRDA:224,25,1,0
BRDA:225,26,0,0
BRDA:225,26,1,0
BRDA:226,27,0,0
BRDA:226,27,1,0
BRDA:227,28,0,0
BRDA:227,28,1,0
BRDA:239,29,0,0
BRDA:239,29,1,0
BRDA:241,30,0,0
BRDA:241,30,1,0
BRDA:242,31,0,0
BRDA:242,31,1,0
BRDA:243,32,0,0
BRDA:243,32,1,0
BRDA:244,33,0,0
BRDA:244,33,1,0
BRDA:245,34,0,0
BRDA:245,34,1,0
BRDA:246,35,0,0
BRDA:246,35,1,0
BRDA:247,36,0,0
BRDA:247,36,1,0
BRDA:248,37,0,0
BRDA:248,37,1,0
BRDA:249,38,0,0
BRDA:249,38,1,0
BRDA:250,39,0,0
BRDA:250,39,1,0
BRDA:251,40,0,0
BRDA:251,40,1,0
BRDA:252,41,0,0
BRDA:252,41,1,0
BRDA:253,42,0,0
BRDA:253,42,1,0
BRDA:262,43,0,0
BRDA:262,43,1,0
BRDA:274,44,0,0
BRDA:274,44,1,1
BRDA:282,45,0,1
BRDA:282,45,1,0
BRDA:292,46,0,0
BRDA:292,46,1,0
BRDA:297,47,0,0
BRDA:297,47,1,1
BRDA:311,48,0,0
BRDA:311,48,1,0
BRDA:318,49,0,1
BRDA:318,49,1,2
BRDA:319,50,0,1
BRDA:319,50,1,1
BRDA:342,51,0,6
BRDA:342,51,1,0
BRDA:345,52,0,0
BRDA:345,52,1,0
BRDA:347,53,0,0
BRDA:347,53,1,0
BRDA:353,54,0,0
BRDA:353,54,1,3
BRDA:356,55,0,1
BRDA:356,55,1,0
BRDA:357,56,0,1
BRDA:357,56,1,0
BRDA:24,57,0,16
BRDA:24,57,1,16
BRDA:24,58,0,16
BRDA:24,58,1,103
BRDA:24,59,0,1
BRDA:24,59,1,1
BRDA:24,59,2,1
BRDA:24,60,0,1
BRDA:24,60,1,1
BRDA:24,60,2,1
BRF:126
BRH:48
end_of_record
TN:
SF:src/app/pages/tasks/tasks.component.html
FN:8,TasksComponent_Conditional_7_Template_button_click_0_listener
FN:22,TasksComponent_Conditional_8_Template_input_ngModelChange_7_listener
FN:29,TasksComponent_Conditional_8_Template_select_ngModelChange_11_listener
FN:38,TasksComponent_Conditional_8_Template_input_change_17_listener
FN:44,TasksComponent_Conditional_8_Template_textarea_ngModelChange_23_listener
FN:48,TasksComponent_Conditional_8_Template_button_click_25_listener
FN:49,TasksComponent_Conditional_8_Template_button_click_27_listener
FN:82,TasksComponent_Conditional_31_Conditional_5_Template_button_click_0_listener
FN:91,TasksComponent_Conditional_32_For_2_Conditional_2_Template_button_click_0_listener
FN:93,TasksComponent_Conditional_32_For_2_Conditional_3_Template_button_click_0_listener
FN:124,TasksComponent_Conditional_32_For_2_Conditional_18_Template_button_click_0_listener
FN:127,TasksComponent_Conditional_32_For_2_Conditional_19_Template_button_click_0_listener
FN:55,TasksComponent_Template_button_click_10_listener
FN:58,TasksComponent_Template_button_click_14_listener
FN:61,TasksComponent_Template_button_click_18_listener
FN:64,TasksComponent_Template_button_click_22_listener
FN:67,TasksComponent_Template_button_click_26_listener
FNF:17
FNH:0
FNDA:0,TasksComponent_Conditional_7_Template_button_click_0_listener
FNDA:0,TasksComponent_Conditional_8_Template_input_ngModelChange_7_listener
FNDA:0,TasksComponent_Conditional_8_Template_select_ngModelChange_11_listener
FNDA:0,TasksComponent_Conditional_8_Template_input_change_17_listener
FNDA:0,TasksComponent_Conditional_8_Template_textarea_ngModelChange_23_listener
FNDA:0,TasksComponent_Conditional_8_Template_button_click_25_listener
FNDA:0,TasksComponent_Conditional_8_Template_button_click_27_listener
FNDA:0,TasksComponent_Conditional_31_Conditional_5_Template_button_click_0_listener
FNDA:0,TasksComponent_Conditional_32_For_2_Conditional_2_Template_button_click_0_listener
FNDA:0,TasksComponent_Conditional_32_For_2_Conditional_3_Template_button_click_0_listener
FNDA:0,TasksComponent_Conditional_32_For_2_Conditional_18_Template_button_click_0_listener
FNDA:0,TasksComponent_Conditional_32_For_2_Conditional_19_Template_button_click_0_listener
FNDA:0,TasksComponent_Template_button_click_10_listener
FNDA:0,TasksComponent_Template_button_click_14_listener
FNDA:0,TasksComponent_Template_button_click_18_listener
FNDA:0,TasksComponent_Template_button_click_22_listener
FNDA:0,TasksComponent_Template_button_click_26_listener
DA:1,4
DA:4,4
DA:5,4
DA:7,7
DA:8,0
DA:9,0
DA:10,0
DA:12,4
DA:14,7
DA:15,0
DA:16,0
DA:17,0
DA:19,0
DA:20,0
DA:21,0
DA:22,0
DA:25,0
DA:26,0
DA:27,0
DA:28,0
DA:29,0
DA:30,0
DA:31,0
DA:33,0
DA:35,0
DA:36,0
DA:37,0
DA:38,0
DA:40,0
DA:41,0
DA:42,0
DA:43,0
DA:44,0
DA:47,0
DA:48,0
DA:49,0
DA:54,4
DA:55,7
DA:56,7
DA:58,7
DA:59,7
DA:61,7
DA:62,7
DA:64,7
DA:65,7
DA:67,7
DA:68,7
DA:72,7
DA:73,4
DA:74,4
DA:75,4
DA:76,4
DA:78,2
DA:79,2
DA:80,2
DA:81,2
DA:82,0
DA:84,2
DA:86,1
DA:87,1
DA:88,1
DA:90,1
DA:91,0
DA:93,0
DA:95,1
DA:97,1
DA:98,1
DA:100,1
DA:101,1
DA:103,1
DA:104,1
DA:106,1
DA:107,1
DA:109,1
DA:110,0
DA:112,1
DA:113,1
DA:114,0
DA:116,1
DA:117,1
DA:119,1
DA:121,1
DA:122,1
DA:123,1
DA:124,0
DA:126,1
DA:127,0
DA:129,1
DA:132,1
DA:134,4
LF:90
LH:53
BRDA:9,0,0,0
BRDA:9,0,1,0
BRDA:81,1,0,0
BRDA:81,1,1,2
BRDA:95,2,0,0
BRDA:95,2,1,2
BRDA:90,3,0,2
BRDA:90,3,1,3
BRDA:106,4,0,1
BRDA:106,4,1,0
BRDA:109,5,0,1
BRDA:109,5,1,2
BRDA:113,6,0,0
BRDA:113,6,1,1
BRDA:123,7,0,1
BRDA:123,7,1,1
BRDA:126,8,0,0
BRDA:126,8,1,1
BRDA:7,9,0,0
BRDA:7,9,1,7
BRDA:14,10,0,0
BRDA:14,10,1,7
BRDA:72,11,0,6
BRDA:72,11,1,4
BRF:24
BRH:15
end_of_record
TN:
SF:src/app/pages/tasks/tasks.component.ts
FN:34,(anonymous_0)
FN:35,(anonymous_1)
FN:37,(anonymous_2)
FN:38,(anonymous_3)
FN:41,(anonymous_4)
FN:46,(anonymous_5)
FN:47,(anonymous_6)
FN:48,(anonymous_7)
FN:49,(anonymous_8)
FN:54,(anonymous_9)
FN:57,(anonymous_10)
FN:58,(anonymous_11)
FN:59,(anonymous_12)
FN:60,(anonymous_13)
FN:64,(anonymous_14)
FN:68,(anonymous_15)
FN:71,(anonymous_16)
FN:75,(anonymous_17)
FN:82,(anonymous_18)
FN:86,(anonymous_19)
FN:87,(anonymous_20)
FN:93,(anonymous_21)
FN:94,(anonymous_22)
FN:97,(anonymous_23)
FN:104,(anonymous_24)
FN:105,(anonymous_25)
FN:110,(anonymous_26)
FN:114,(anonymous_27)
FN:116,(anonymous_28)
FN:117,(anonymous_29)
FN:117,(anonymous_30)
FN:120,(anonymous_31)
FN:124,(anonymous_32)
FN:127,(anonymous_33)
FN:128,(anonymous_34)
FN:128,(anonymous_35)
FN:131,(anonymous_36)
FN:135,(anonymous_37)
FN:23,(anonymous_38)
FNF:39
FNH:17
FNDA:4,(anonymous_0)
FNDA:2,(anonymous_1)
FNDA:1,(anonymous_2)
FNDA:1,(anonymous_3)
FNDA:3,(anonymous_4)
FNDA:3,(anonymous_5)
FNDA:0,(anonymous_6)
FNDA:0,(anonymous_7)
FNDA:0,(anonymous_8)
FNDA:7,(anonymous_9)
FNDA:4,(anonymous_10)
FNDA:4,(anonymous_11)
FNDA:4,(anonymous_12)
FNDA:4,(anonymous_13)
FNDA:4,(anonymous_14)
FNDA:4,(anonymous_15)
FNDA:4,(anonymous_16)
FNDA:0,(anonymous_17)
FNDA:1,(anonymous_18)
FNDA:0,(anonymous_19)
FNDA:0,(anonymous_20)
FNDA:0,(anonymous_21)
FNDA:0,(anonymous_22)
FNDA:0,(anonymous_23)
FNDA:0,(anonymous_24)
FNDA:0,(anonymous_25)
FNDA:0,(anonymous_26)
FNDA:0,(anonymous_27)
FNDA:0,(anonymous_28)
FNDA:0,(anonymous_29)
FNDA:0,(anonymous_30)
FNDA:0,(anonymous_31)
FNDA:0,(anonymous_32)
FNDA:0,(anonymous_33)
FNDA:0,(anonymous_34)
FNDA:0,(anonymous_35)
FNDA:0,(anonymous_36)
FNDA:7,(anonymous_37)
FNDA:1,(anonymous_38)
DA:1,1
DA:5,1
DA:6,1
DA:7,1
DA:8,1
DA:23,11
DA:24,4
DA:25,4
DA:26,4
DA:28,4
DA:29,4
DA:30,4
DA:31,4
DA:32,4
DA:34,4
DA:35,4
DA:37,1
DA:38,1
DA:39,4
DA:41,4
DA:42,3
DA:43,3
DA:44,3
DA:45,3
DA:46,3
DA:47,0
DA:48,0
DA:49,0
DA:50,1
DA:54,4
DA:55,7
DA:56,7
DA:57,7
DA:58,7
DA:59,7
DA:60,7
DA:61,7
DA:65,4
DA:69,4
DA:70,4
DA:72,4
DA:73,4
DA:76,0
DA:77,0
DA:83,1
DA:87,0
DA:88,0
DA:89,0
DA:94,0
DA:98,0
DA:99,0
DA:100,0
DA:101,0
DA:103,0
DA:105,0
DA:106,0
DA:107,0
DA:108,0
DA:110,0
DA:115,0
DA:117,0
DA:118,0
DA:120,0
DA:125,0
DA:126,0
DA:128,0
DA:129,0
DA:131,0
DA:136,7
DA:137,6
DA:138,6
DA:139,6
DA:140,6
DA:141,1
DA:143,5
DA:144,4
LF:76
LH:48
BRDA:28,0,0,4
BRDA:29,1,0,4
BRDA:30,2,0,4
BRDA:31,3,0,4
BRDA:32,4,0,4
BRDA:34,5,0,4
BRDA:35,6,0,2
BRDA:35,6,1,2
BRDA:35,7,0,4
BRDA:45,8,0,2
BRDA:45,8,1,0
BRDA:45,8,2,0
BRDA:45,8,3,0
BRDA:45,8,4,1
BRDA:48,9,0,0
BRDA:48,9,1,0
BRDA:48,9,2,0
BRDA:52,10,0,4
BRDA:59,11,0,4
BRDA:59,11,1,3
BRDA:59,11,2,3
BRDA:62,12,0,4
BRDA:88,13,0,0
BRDA:88,13,1,0
BRDA:99,14,0,0
BRDA:99,14,1,0
BRDA:110,15,0,0
BRDA:110,15,1,0
BRDA:117,16,0,0
BRDA:117,16,1,0
BRDA:118,17,0,0
BRDA:118,17,1,0
BRDA:118,18,0,0
BRDA:118,18,1,0
BRDA:125,19,0,0
BRDA:125,19,1,0
BRDA:136,20,0,1
BRDA:136,20,1,6
BRDA:140,21,0,1
BRDA:140,21,1,5
BRDA:140,22,0,6
BRDA:140,22,1,1
BRDA:143,23,0,1
BRDA:143,23,1,4
BRDA:23,24,0,4
BRDA:23,24,1,4
BRDA:23,25,0,4
BRDA:23,25,1,7
BRDA:23,26,0,1
BRDA:23,26,1,1
BRDA:23,26,2,1
BRDA:23,27,0,1
BRDA:23,27,1,1
BRDA:23,27,2,1
BRF:54
BRH:34
end_of_record
TN:
SF:src/app/pages/users/users.component.html
FN:18,UsersComponent_Conditional_9_Template_input_ngModelChange_7_listener
FN:22,UsersComponent_Conditional_9_Template_input_ngModelChange_11_listener
FN:26,UsersComponent_Conditional_9_Template_input_ngModelChange_15_listener
FN:30,UsersComponent_Conditional_9_Template_input_ngModelChange_19_listener
FN:34,UsersComponent_Conditional_9_Template_select_ngModelChange_23_listener
FN:42,UsersComponent_Conditional_9_Template_button_click_27_listener
FN:43,UsersComponent_Conditional_9_Template_button_click_29_listener
FN:70,UsersComponent_Conditional_12_For_13_Template_select_ngModelChange_7_listener
FN:85,UsersComponent_Conditional_12_For_13_Template_button_click_16_listener
FN:88,UsersComponent_Conditional_12_For_13_Template_button_click_18_listener
FN:7,UsersComponent_Template_button_click_7_listener
FNF:11
FNH:0
FNDA:0,UsersComponent_Conditional_9_Template_input_ngModelChange_7_listener
FNDA:0,UsersComponent_Conditional_9_Template_input_ngModelChange_11_listener
FNDA:0,UsersComponent_Conditional_9_Template_input_ngModelChange_15_listener
FNDA:0,UsersComponent_Conditional_9_Template_input_ngModelChange_19_listener
FNDA:0,UsersComponent_Conditional_9_Template_select_ngModelChange_23_listener
FNDA:0,UsersComponent_Conditional_9_Template_button_click_27_listener
FNDA:0,UsersComponent_Conditional_9_Template_button_click_29_listener
FNDA:0,UsersComponent_Conditional_12_For_13_Template_select_ngModelChange_7_listener
FNDA:0,UsersComponent_Conditional_12_For_13_Template_button_click_16_listener
FNDA:0,UsersComponent_Conditional_12_For_13_Template_button_click_18_listener
FNDA:0,UsersComponent_Template_button_click_7_listener
DA:1,4
DA:4,4
DA:5,4
DA:7,4
DA:8,6
DA:9,4
DA:12,6
DA:13,0
DA:14,0
DA:15,0
DA:17,0
DA:18,0
DA:20,0
DA:21,0
DA:22,0
DA:24,0
DA:25,0
DA:26,0
DA:28,0
DA:29,0
DA:30,0
DA:32,0
DA:33,0
DA:34,0
DA:35,0
DA:36,0
DA:38,0
DA:41,0
DA:42,0
DA:43,0
DA:48,6
DA:49,4
DA:51,1
DA:52,1
DA:55,1
DA:57,1
DA:58,1
DA:59,1
DA:60,1
DA:61,1
DA:63,1
DA:64,1
DA:66,1
DA:67,1
DA:69,1
DA:70,1
DA:71,1
DA:72,3
DA:74,1
DA:76,1
DA:77,1
DA:78,1
DA:79,1
DA:81,0
DA:83,1
DA:84,1
DA:85,0
DA:86,1
DA:87,1
DA:88,1
DA:92,1
DA:94,4
LF:62
LH:37
BRDA:78,0,0,1
BRDA:78,0,1,0
BRDA:86,1,0,1
BRDA:86,1,1,0
BRDA:8,2,0,0
BRDA:8,2,1,6
BRDA:12,3,0,0
BRDA:12,3,1,6
BRDA:48,4,0,5
BRDA:48,4,1,3
BRF:10
BRH:6
end_of_record
TN:
SF:src/app/pages/users/users.component.ts
FN:28,(anonymous_0)
FN:30,(anonymous_1)
FN:32,(anonymous_2)
FN:35,(anonymous_3)
FN:36,(anonymous_4)
FN:40,(anonymous_5)
FN:41,(anonymous_6)
FN:47,(anonymous_7)
FN:48,(anonymous_8)
FN:51,(anonymous_9)
FN:58,(anonymous_10)
FN:59,(anonymous_11)
FN:59,(anonymous_12)
FN:64,(anonymous_13)
FN:68,(anonymous_14)
FN:75,(anonymous_15)
FN:76,(anonymous_16)
FN:76,(anonymous_17)
FN:79,(anonymous_18)
FN:83,(anonymous_19)
FN:91,(anonymous_20)
FN:92,(anonymous_21)
FN:92,(anonymous_22)
FN:95,(anonymous_23)
FN:99,(anonymous_24)
FN:102,(anonymous_25)
FN:103,(anonymous_26)
FN:103,(anonymous_27)
FN:106,(anonymous_28)
FN:110,(anonymous_29)
FN:16,(anonymous_30)
FNF:31
FNH:14
FNDA:3,(anonymous_0)
FNDA:4,(anonymous_1)
FNDA:4,(anonymous_2)
FNDA:4,(anonymous_3)
FNDA:0,(anonymous_4)
FNDA:0,(anonymous_5)
FNDA:0,(anonymous_6)
FNDA:0,(anonymous_7)
FNDA:0,(anonymous_8)
FNDA:0,(anonymous_9)
FNDA:0,(anonymous_10)
FNDA:0,(anonymous_11)
FNDA:0,(anonymous_12)
FNDA:0,(anonymous_13)
FNDA:1,(anonymous_14)
FNDA:1,(anonymous_15)
FNDA:1,(anonymous_16)
FNDA:1,(anonymous_17)
FNDA:0,(anonymous_18)
FNDA:1,(anonymous_19)
FNDA:1,(anonymous_20)
FNDA:1,(anonymous_21)
FNDA:1,(anonymous_22)
FNDA:0,(anonymous_23)
FNDA:0,(anonymous_24)
FNDA:0,(anonymous_25)
FNDA:0,(anonymous_26)
FNDA:0,(anonymous_27)
FNDA:0,(anonymous_28)
FNDA:1,(anonymous_29)
FNDA:1,(anonymous_30)
DA:1,1
DA:4,1
DA:5,1
DA:6,1
DA:16,10
DA:17,4
DA:18,4
DA:20,4
DA:21,4
DA:22,4
DA:23,4
DA:27,4
DA:28,3
DA:30,4
DA:33,4
DA:34,4
DA:35,4
DA:36,0
DA:41,0
DA:42,0
DA:43,0
DA:48,0
DA:52,0
DA:53,0
DA:54,0
DA:55,0
DA:57,0
DA:59,0
DA:60,0
DA:61,0
DA:62,0
DA:64,0
DA:69,1
DA:76,1
DA:77,1
DA:79,0
DA:84,1
DA:85,1
DA:92,1
DA:93,1
DA:95,0
DA:100,0
DA:101,0
DA:103,0
DA:104,0
DA:106,0
DA:111,1
DA:112,0
LF:48
LH:25
BRDA:20,0,0,4
BRDA:21,1,0,4
BRDA:22,2,0,4
BRDA:25,3,0,4
BRDA:42,4,0,0
BRDA:42,4,1,0
BRDA:53,5,0,0
BRDA:53,5,1,0
BRDA:53,6,0,0
BRDA:53,6,1,0
BRDA:53,6,2,0
BRDA:53,6,3,0
BRDA:64,7,0,0
BRDA:64,7,1,0
BRDA:76,8,0,1
BRDA:76,8,1,0
BRDA:77,9,0,0
BRDA:77,9,1,1
BRDA:84,10,0,0
BRDA:84,10,1,1
BRDA:92,11,0,1
BRDA:92,11,1,0
BRDA:100,12,0,0
BRDA:100,12,1,0
BRDA:111,13,0,1
BRDA:111,13,1,0
BRDA:16,14,0,4
BRDA:16,14,1,4
BRDA:16,15,0,4
BRDA:16,15,1,6
BRDA:16,16,0,1
BRDA:16,16,1,1
BRDA:16,16,2,1
BRDA:16,17,0,1
BRDA:16,17,1,1
BRDA:16,17,2,1
BRF:36
BRH:19
end_of_record
TN:
SF:src/app/services/activity.service.ts
FN:10,(anonymous_0)
FN:12,(anonymous_1)
FN:16,(anonymous_2)
FN:20,(anonymous_3)
FNF:4
FNH:4
FNDA:21,(anonymous_0)
FNDA:2,(anonymous_1)
FNDA:20,(anonymous_2)
FNDA:1,(anonymous_3)
DA:1,2
DA:7,21
DA:8,21
DA:10,21
DA:13,2
DA:17,20
DA:21,1
LF:7
LH:7
BRDA:12,0,0,2
BRDA:7,1,0,21
BRDA:7,1,1,21
BRDA:7,2,0,2
BRDA:7,2,1,2
BRDA:7,2,2,2
BRF:6
BRH:6
end_of_record
TN:
SF:src/app/services/auth.guard.ts
FN:11,(anonymous_0)
FN:16,(anonymous_1)
FNF:2
FNH:2
FNDA:3,(anonymous_0)
FNDA:3,(anonymous_1)
DA:1,1
DA:4,1
DA:11,1
DA:12,3
DA:13,3
DA:15,3
DA:17,3
DA:18,1
DA:19,1
DA:21,2
DA:22,3
DA:23,1
DA:24,1
DA:26,1
LF:14
LH:14
BRDA:17,0,0,1
BRDA:17,0,1,2
BRDA:21,1,0,2
BRDA:21,1,1,1
BRDA:22,2,0,1
BRDA:22,2,1,2
BRDA:22,3,0,3
BRDA:22,3,1,1
BRF:8
BRH:8
end_of_record
TN:
SF:src/app/services/auth.interceptor.ts
FN:12,(anonymous_0)
FN:23,(anonymous_1)
FN:25,(anonymous_2)
FN:28,(anonymous_3)
FN:33,(anonymous_4)
FNF:5
FNH:5
FNDA:7,(anonymous_0)
FNDA:4,(anonymous_1)
FNDA:2,(anonymous_2)
FNDA:2,(anonymous_3)
FNDA:1,(anonymous_4)
DA:2,1
DA:5,1
DA:12,1
DA:13,7
DA:14,7
DA:16,7
DA:20,7
DA:22,7
DA:24,4
DA:25,2
DA:27,2
DA:29,2
DA:30,1
DA:32,1
DA:33,1
LF:15
LH:15
BRDA:16,0,0,6
BRDA:16,0,1,1
BRDA:24,1,0,2
BRDA:24,1,1,2
BRDA:24,2,0,4
BRDA:24,2,1,4
BRDA:29,3,0,1
BRDA:29,3,1,1
BRF:8
BRH:8
end_of_record
TN:
SF:src/app/services/auth.service.ts
FN:14,(anonymous_0)
FN:15,(anonymous_1)
FN:17,(anonymous_2)
FN:20,(anonymous_3)
FN:22,(anonymous_4)
FN:23,(anonymous_5)
FN:27,(anonymous_6)
FN:31,(anonymous_7)
FN:33,(anonymous_8)
FN:36,(anonymous_9)
FN:38,(anonymous_10)
FN:41,(anonymous_11)
FN:44,(anonymous_12)
FN:45,(anonymous_13)
FN:53,(anonymous_14)
FN:60,(anonymous_15)
FN:64,(anonymous_16)
FN:69,(anonymous_17)
FN:74,(anonymous_18)
FN:78,(anonymous_19)
FNF:20
FNH:20
FNDA:3,(anonymous_0)
FNDA:1,(anonymous_1)
FNDA:81,(anonymous_2)
FNDA:8,(anonymous_3)
FNDA:4,(anonymous_4)
FNDA:4,(anonymous_5)
FNDA:8,(anonymous_6)
FNDA:3,(anonymous_7)
FNDA:2,(anonymous_8)
FNDA:1,(anonymous_9)
FNDA:1,(anonymous_10)
FNDA:4,(anonymous_11)
FNDA:2,(anonymous_12)
FNDA:2,(anonymous_13)
FNDA:321,(anonymous_14)
FNDA:312,(anonymous_15)
FNDA:5,(anonymous_16)
FNDA:4,(anonymous_17)
FNDA:4,(anonymous_18)
FNDA:4,(anonymous_19)
DA:1,11
DA:7,81
DA:8,81
DA:10,81
DA:11,81
DA:12,81
DA:13,81
DA:14,81
DA:15,81
DA:17,81
DA:21,8
DA:22,4
DA:24,4
DA:25,4
DA:27,8
DA:32,3
DA:33,2
DA:37,1
DA:38,1
DA:42,4
DA:44,2
DA:46,2
DA:47,2
DA:54,321
DA:55,321
DA:56,316
DA:61,312
DA:65,5
DA:70,4
DA:75,4
DA:76,0
DA:78,4
LF:32
LH:31
BRDA:10,0,0,81
BRDA:11,1,0,81
BRDA:14,2,0,81
BRDA:15,3,0,1
BRDA:15,3,1,1
BRDA:15,4,0,81
BRDA:55,5,0,5
BRDA:55,5,1,316
BRDA:75,6,0,0
BRDA:75,6,1,4
BRDA:7,7,0,81
BRDA:7,7,1,81
BRDA:7,8,0,11
BRDA:7,8,1,11
BRDA:7,8,2,11
BRF:15
BRH:14
end_of_record
TN:
SF:src/app/services/candidate.service.ts
FN:20,(anonymous_0)
FN:22,(anonymous_1)
FN:32,(anonymous_2)
FN:40,(anonymous_3)
FN:44,(anonymous_4)
FN:48,(anonymous_5)
FN:52,(anonymous_6)
FN:56,(anonymous_7)
FN:60,(anonymous_8)
FNF:9
FNH:9
FNDA:48,(anonymous_0)
FNDA:23,(anonymous_1)
FNDA:6,(anonymous_2)
FNDA:15,(anonymous_3)
FNDA:1,(anonymous_4)
FNDA:1,(anonymous_5)
FNDA:2,(anonymous_6)
FNDA:1,(anonymous_7)
FNDA:2,(anonymous_8)
DA:1,4
DA:17,48
DA:18,48
DA:20,48
DA:23,23
DA:24,23
DA:25,23
DA:26,23
DA:27,23
DA:28,23
DA:29,23
DA:33,6
DA:34,6
DA:35,1
DA:37,6
DA:41,15
DA:45,1
DA:49,1
DA:53,2
DA:57,1
DA:61,2
DA:62,2
DA:63,2
LF:23
LH:23
BRDA:24,0,0,2
BRDA:24,0,1,21
BRDA:25,1,0,2
BRDA:25,1,1,21
BRDA:26,2,0,1
BRDA:26,2,1,22
BRDA:27,3,0,1
BRDA:27,3,1,22
BRDA:28,4,0,22
BRDA:28,4,1,1
BRDA:34,5,0,1
BRDA:34,5,1,5
BRDA:17,6,0,48
BRDA:17,6,1,48
BRDA:17,7,0,4
BRDA:17,7,1,4
BRDA:17,7,2,4
BRF:17
BRH:17
end_of_record
TN:
SF:src/app/services/dashboard.service.ts
FN:8,(anonymous_0)
FN:10,(anonymous_1)
FNF:2
FNH:2
FNDA:9,(anonymous_0)
FNDA:8,(anonymous_1)
DA:1,2
DA:7,9
DA:8,9
DA:11,8
LF:4
LH:4
BRDA:7,0,0,9
BRDA:7,0,1,9
BRDA:7,1,0,2
BRDA:7,1,1,2
BRDA:7,1,2,2
BRF:5
BRH:5
end_of_record
TN:
SF:src/app/services/job.service.ts
FN:10,(anonymous_0)
FN:12,(anonymous_1)
FN:23,(anonymous_2)
FN:27,(anonymous_3)
FN:31,(anonymous_4)
FN:35,(anonymous_5)
FN:39,(anonymous_6)
FNF:7
FNH:7
FNDA:43,(anonymous_0)
FNDA:34,(anonymous_1)
FNDA:6,(anonymous_2)
FNDA:2,(anonymous_3)
FNDA:2,(anonymous_4)
FNDA:1,(anonymous_5)
FNDA:2,(anonymous_6)
DA:1,4
DA:7,43
DA:8,43
DA:10,43
DA:13,34
DA:14,34
DA:15,2
DA:17,34
DA:18,2
DA:20,34
DA:24,6
DA:28,2
DA:32,2
DA:36,1
DA:40,2
LF:15
LH:15
BRDA:14,0,0,2
BRDA:14,0,1,32
BRDA:17,1,0,2
BRDA:17,1,1,32
BRDA:7,2,0,43
BRDA:7,2,1,43
BRDA:7,3,0,4
BRDA:7,3,1,4
BRDA:7,3,2,4
BRF:9
BRH:9
end_of_record
TN:
SF:src/app/services/note.service.ts
FN:10,(anonymous_0)
FN:12,(anonymous_1)
FN:16,(anonymous_2)
FN:20,(anonymous_3)
FNF:4
FNH:4
FNDA:20,(anonymous_0)
FNDA:15,(anonymous_1)
FNDA:2,(anonymous_2)
FNDA:2,(anonymous_3)
DA:1,2
DA:7,20
DA:8,20
DA:10,20
DA:13,15
DA:17,2
DA:21,2
LF:7
LH:7
BRDA:7,0,0,20
BRDA:7,0,1,20
BRDA:7,1,0,2
BRDA:7,1,1,2
BRDA:7,1,2,2
BRF:5
BRH:5
end_of_record
TN:
SF:src/app/services/tag.service.ts
FN:10,(anonymous_0)
FN:12,(anonymous_1)
FN:16,(anonymous_2)
FN:20,(anonymous_3)
FN:24,(anonymous_4)
FN:28,(anonymous_5)
FN:32,(anonymous_6)
FNF:7
FNH:7
FNDA:20,(anonymous_0)
FNDA:15,(anonymous_1)
FNDA:1,(anonymous_2)
FNDA:1,(anonymous_3)
FNDA:1,(anonymous_4)
FNDA:1,(anonymous_5)
FNDA:2,(anonymous_6)
DA:1,2
DA:7,20
DA:8,20
DA:10,20
DA:13,15
DA:17,1
DA:21,1
DA:25,1
DA:29,1
DA:33,2
LF:10
LH:10
BRDA:7,0,0,20
BRDA:7,0,1,20
BRDA:7,1,0,2
BRDA:7,1,1,2
BRDA:7,1,2,2
BRF:5
BRH:5
end_of_record
TN:
SF:src/app/services/task.service.ts
FN:16,(anonymous_0)
FN:18,(anonymous_1)
FN:26,(anonymous_2)
FN:30,(anonymous_3)
FN:34,(anonymous_4)
FN:38,(anonymous_5)
FN:42,(anonymous_6)
FN:46,(anonymous_7)
FNF:8
FNH:8
FNDA:25,(anonymous_0)
FNDA:20,(anonymous_1)
FNDA:1,(anonymous_2)
FNDA:1,(anonymous_3)
FNDA:2,(anonymous_4)
FNDA:1,(anonymous_5)
FNDA:2,(anonymous_6)
FNDA:1,(anonymous_7)
DA:1,3
DA:13,25
DA:14,25
DA:16,25
DA:19,20
DA:20,20
DA:21,20
DA:22,20
DA:23,20
DA:27,1
DA:31,1
DA:35,2
DA:39,1
DA:43,2
DA:47,1
LF:15
LH:15
BRDA:18,0,0,20
BRDA:20,1,0,1
BRDA:20,1,1,19
BRDA:21,2,0,1
BRDA:21,2,1,19
BRDA:22,3,0,15
BRDA:22,3,1,5
BRDA:13,4,0,25
BRDA:13,4,1,25
BRDA:13,5,0,3
BRDA:13,5,1,3
BRDA:13,5,2,3
BRF:12
BRH:12
end_of_record
TN:
SF:src/app/services/toast.service.ts
FN:18,(anonymous_0)
FN:21,(anonymous_1)
FN:23,(anonymous_2)
FN:27,(anonymous_3)
FN:28,(anonymous_4)
FN:29,(anonymous_5)
FN:30,(anonymous_6)
FN:32,(anonymous_7)
FN:33,(anonymous_8)
FN:33,(anonymous_9)
FN:36,(anonymous_10)
FNF:11
FNH:11
FNDA:20,(anonymous_0)
FNDA:20,(anonymous_1)
FNDA:1,(anonymous_2)
FNDA:8,(anonymous_3)
FNDA:1,(anonymous_4)
FNDA:1,(anonymous_5)
FNDA:2,(anonymous_6)
FNDA:3,(anonymous_7)
FNDA:3,(anonymous_8)
FNDA:4,(anonymous_9)
FNDA:1,(anonymous_10)
DA:1,8
DA:14,42
DA:15,42
DA:16,42
DA:19,20
DA:20,20
DA:21,20
DA:22,20
DA:23,13
DA:27,8
DA:28,1
DA:29,1
DA:30,2
DA:33,4
DA:37,1
LF:15
LH:15
BRDA:16,0,0,42
BRDA:18,1,0,20
BRDA:22,2,0,13
BRDA:22,2,1,7
BRDA:14,3,0,42
BRDA:14,3,1,42
BRDA:14,4,0,8
BRDA:14,4,1,8
BRDA:14,4,2,8
BRF:9
BRH:9
end_of_record
TN:
SF:src/app/services/user.service.ts
FN:10,(anonymous_0)
FN:12,(anonymous_1)
FN:18,(anonymous_2)
FN:22,(anonymous_3)
FN:26,(anonymous_4)
FN:30,(anonymous_5)
FNF:6
FNH:6
FNDA:7,(anonymous_0)
FNDA:6,(anonymous_1)
FNDA:1,(anonymous_2)
FNDA:1,(anonymous_3)
FNDA:3,(anonymous_4)
FNDA:1,(anonymous_5)
DA:1,2
DA:7,7
DA:8,7
DA:10,7
DA:13,6
DA:14,6
DA:15,6
DA:19,1
DA:23,1
DA:27,3
DA:31,1
LF:11
LH:11
BRDA:14,0,0,1
BRDA:14,0,1,5
BRDA:7,1,0,7
BRDA:7,1,1,7
BRDA:7,2,0,2
BRDA:7,2,1,2
BRDA:7,2,2,2
BRF:7
BRH:7
end_of_record
