TN:
SF:src/app/app.component.html
FNF:0
FNH:0
DA:1,5
DA:4,5
DA:5,5
DA:6,5
DA:7,5
DA:10,5
DA:12,8
DA:13,5
DA:14,5
DA:16,5
DA:18,5
DA:19,5
DA:21,5
DA:23,5
DA:24,5
DA:28,5
DA:29,5
DA:30,5
LF:18
LH:18
BRF:0
BRH:0
end_of_record
TN:
SF:src/app/app.component.ts
FN:11,(anonymous_0)
FNF:1
FNH:1
FNDA:1,(anonymous_0)
DA:1,1
DA:11,13
LF:2
LH:2
BRDA:11,0,0,5
BRDA:11,0,1,5
BRDA:11,1,0,5
BRDA:11,1,1,8
BRDA:11,2,0,1
BRDA:11,2,1,1
BRDA:11,2,2,1
BRDA:11,3,0,1
BRDA:11,3,1,1
BRDA:11,3,2,1
BRF:10
BRH:10
end_of_record
TN:
SF:src/app/models/ats.models.ts
FNF:0
FNH:0
DA:3,4
LF:1
LH:1
BRF:0
BRH:0
end_of_record
TN:
SF:src/app/models/pipeline.model.ts
FNF:0
FNH:0
DA:3,4
DA:7,4
DA:17,4
LF:3
LH:3
BRF:0
BRH:0
end_of_record
TN:
SF:src/app/pages/dashboard/dashboard.component.html
FNF:0
FNH:0
DA:1,7
DA:2,7
DA:4,21
DA:5,6
DA:7,6
DA:8,6
DA:10,6
DA:11,6
DA:12,6
DA:14,6
DA:15,6
DA:16,6
DA:20,6
DA:21,6
DA:22,6
DA:23,42
DA:24,42
DA:25,42
DA:28,6
DA:30,6
DA:31,6
DA:32,6
DA:34,6
DA:35,6
DA:36,6
DA:37,18
DA:47,6
DA:48,6
DA:51,6
DA:52,6
DA:53,18
DA:54,18
DA:55,18
DA:56,18
DA:57,18
DA:60,6
DA:64,6
DA:65,6
DA:68,1
DA:70,7
DA:72,7
LF:41
LH:41
BRDA:30,0,0,6
BRDA:30,0,1,0
BRDA:4,1,0,7
BRDA:4,1,1,29
BRF:4
BRH:3
end_of_record
TN:
SF:src/app/pages/dashboard/dashboard.component.ts
FN:25,(anonymous_0)
FN:30,(anonymous_1)
FN:32,(anonymous_2)
FN:34,(anonymous_3)
FN:39,(anonymous_4)
FN:40,(anonymous_5)
FN:42,(anonymous_6)
FN:50,(anonymous_7)
FN:57,(anonymous_8)
FN:61,(anonymous_9)
FN:14,(anonymous_10)
FNF:11
FNH:11
FNDA:7,(anonymous_0)
FNDA:7,(anonymous_1)
FNDA:6,(anonymous_2)
FNDA:42,(anonymous_3)
FNDA:12,(anonymous_4)
FNDA:18,(anonymous_5)
FNDA:18,(anonymous_6)
FNDA:1,(anonymous_7)
FNDA:45,(anonymous_8)
FNDA:45,(anonymous_9)
FNDA:1,(anonymous_10)
DA:1,1
DA:5,1
DA:14,28
DA:15,7
DA:16,7
DA:17,7
DA:18,7
DA:20,7
DA:26,7
DA:27,7
DA:31,7
DA:33,6
DA:34,42
DA:38,6
DA:39,12
DA:40,18
DA:41,6
DA:42,6
DA:43,18
DA:44,18
DA:45,18
DA:46,18
DA:48,6
DA:51,1
DA:52,1
DA:58,45
DA:62,45
LF:27
LH:27
BRDA:38,0,0,6
BRDA:38,0,1,0
BRDA:43,1,0,18
BRDA:43,1,1,0
BRDA:58,2,0,45
BRDA:58,2,1,0
BRDA:62,3,0,45
BRDA:62,3,1,0
BRDA:14,4,0,7
BRDA:14,4,1,7
BRDA:14,5,0,7
BRDA:14,5,1,21
BRDA:14,6,0,1
BRDA:14,6,1,1
BRDA:14,6,2,1
BRDA:14,7,0,1
BRDA:14,7,1,1
BRDA:14,7,2,1
BRF:18
BRH:14
end_of_record
TN:
SF:src/app/pages/jobs/jobs.component.html
FN:27,JobsComponent_Conditional_15_Template_form_ngSubmit_0_listener
FN:31,JobsComponent_Conditional_15_Template_input_ngModelChange_6_listener
FN:35,JobsComponent_Conditional_15_Template_input_ngModelChange_10_listener
FN:39,JobsComponent_Conditional_15_Template_input_ngModelChange_14_listener
FN:43,JobsComponent_Conditional_15_Template_input_ngModelChange_18_listener
FN:47,JobsComponent_Conditional_15_Template_select_ngModelChange_22_listener
FN:56,JobsComponent_Conditional_15_Template_select_ngModelChange_34_listener
FN:66,JobsComponent_Conditional_15_Template_textarea_ngModelChange_46_listener
FN:70,JobsComponent_Conditional_15_Template_input_ngModelChange_52_listener
FN:74,JobsComponent_Conditional_15_Template_input_ngModelChange_58_listener
FN:79,JobsComponent_Conditional_15_Template_input_ngModelChange_65_listener
FN:83,JobsComponent_Conditional_15_Template_input_ngModelChange_71_listener
FN:110,JobsComponent_Conditional_18_For_1_Conditional_9_For_2_Template_div_click_0_listener
FN:130,JobsComponent_Conditional_18_For_1_Conditional_9_For_2_Template_button_click_22_listener
FN:133,JobsComponent_Conditional_18_For_1_Conditional_9_For_2_Template_a_click_24_listener
FN:134,JobsComponent_Conditional_18_For_1_Conditional_9_For_2_Template_button_click_26_listener
FN:135,JobsComponent_Conditional_18_For_1_Conditional_9_For_2_Template_button_click_28_listener
FN:98,JobsComponent_Conditional_18_For_1_Template_button_click_1_listener
FN:213,JobsComponent_Conditional_19_For_4_Conditional_1_Template_button_click_0_listener
FN:208,JobsComponent_Conditional_19_Template_button_click_1_listener
FN:216,JobsComponent_Conditional_19_Template_button_click_5_listener
FN:223,JobsComponent_Conditional_20_Template_div_click_0_listener
FN:224,JobsComponent_Conditional_20_Template_div_click_1_listener
FN:230,JobsComponent_Conditional_20_Template_button_click_8_listener
FN:261,JobsComponent_Conditional_20_Template_a_click_30_listener
FN:262,JobsComponent_Conditional_20_Template_button_click_32_listener
FN:5,JobsComponent_Template_button_click_5_listener
FN:11,JobsComponent_Template_input_change_9_listener
FNF:28
FNH:0
FNDA:0,JobsComponent_Conditional_15_Template_form_ngSubmit_0_listener
FNDA:0,JobsComponent_Conditional_15_Template_input_ngModelChange_6_listener
FNDA:0,JobsComponent_Conditional_15_Template_input_ngModelChange_10_listener
FNDA:0,JobsComponent_Conditional_15_Template_input_ngModelChange_14_listener
FNDA:0,JobsComponent_Conditional_15_Template_input_ngModelChange_18_listener
FNDA:0,JobsComponent_Conditional_15_Template_select_ngModelChange_22_listener
FNDA:0,JobsComponent_Conditional_15_Template_select_ngModelChange_34_listener
FNDA:0,JobsComponent_Conditional_15_Template_textarea_ngModelChange_46_listener
FNDA:0,JobsComponent_Conditional_15_Template_input_ngModelChange_52_listener
FNDA:0,JobsComponent_Conditional_15_Template_input_ngModelChange_58_listener
FNDA:0,JobsComponent_Conditional_15_Template_input_ngModelChange_65_listener
FNDA:0,JobsComponent_Conditional_15_Template_input_ngModelChange_71_listener
FNDA:0,JobsComponent_Conditional_18_For_1_Conditional_9_For_2_Template_div_click_0_listener
FNDA:0,JobsComponent_Conditional_18_For_1_Conditional_9_For_2_Template_button_click_22_listener
FNDA:0,JobsComponent_Conditional_18_For_1_Conditional_9_For_2_Template_a_click_24_listener
FNDA:0,JobsComponent_Conditional_18_For_1_Conditional_9_For_2_Template_button_click_26_listener
FNDA:0,JobsComponent_Conditional_18_For_1_Conditional_9_For_2_Template_button_click_28_listener
FNDA:0,JobsComponent_Conditional_18_For_1_Template_button_click_1_listener
FNDA:0,JobsComponent_Conditional_19_For_4_Conditional_1_Template_button_click_0_listener
FNDA:0,JobsComponent_Conditional_19_Template_button_click_1_listener
FNDA:0,JobsComponent_Conditional_19_Template_button_click_5_listener
FNDA:0,JobsComponent_Conditional_20_Template_div_click_0_listener
FNDA:0,JobsComponent_Conditional_20_Template_div_click_1_listener
FNDA:0,JobsComponent_Conditional_20_Template_button_click_8_listener
FNDA:0,JobsComponent_Conditional_20_Template_a_click_30_listener
FNDA:0,JobsComponent_Conditional_20_Template_button_click_32_listener
FNDA:0,JobsComponent_Template_button_click_5_listener
FNDA:0,JobsComponent_Template_input_change_9_listener
DA:1,29
DA:4,29
DA:5,29
DA:6,104
DA:7,29
DA:9,29
DA:10,104
DA:11,104
DA:13,29
DA:14,29
DA:15,29
DA:16,29
DA:17,29
DA:18,104
DA:19,37
DA:21,29
DA:26,104
DA:27,2
DA:28,2
DA:30,2
DA:31,4
DA:33,2
DA:34,2
DA:35,4
DA:37,2
DA:38,2
DA:39,4
DA:41,2
DA:42,2
DA:43,4
DA:45,2
DA:46,2
DA:47,4
DA:48,2
DA:49,2
DA:50,2
DA:51,2
DA:54,2
DA:55,2
DA:56,4
DA:57,2
DA:58,2
DA:59,2
DA:60,2
DA:64,2
DA:65,2
DA:66,4
DA:68,2
DA:69,2
DA:70,4
DA:72,2
DA:73,2
DA:74,4
DA:76,2
DA:78,2
DA:79,4
DA:81,2
DA:82,2
DA:83,4
DA:86,4
DA:90,29
DA:91,104
DA:92,29
DA:93,29
DA:94,29
DA:96,46
DA:97,44
DA:98,0
DA:99,74
DA:100,74
DA:101,44
DA:102,74
DA:103,74
DA:107,74
DA:108,44
DA:109,74
DA:110,66
DA:111,66
DA:112,110
DA:113,66
DA:114,110
DA:115,110
DA:116,110
DA:117,110
DA:119,66
DA:120,110
DA:121,66
DA:122,110
DA:123,110
DA:124,66
DA:125,110
DA:127,66
DA:129,66
DA:130,110
DA:131,66
DA:132,66
DA:133,110
DA:134,66
DA:135,66
DA:138,110
DA:139,3
DA:141,3
DA:142,6
DA:143,2
DA:145,3
DA:146,6
DA:147,0
DA:149,6
DA:150,2
DA:151,3
DA:152,2
DA:153,3
DA:154,2
DA:155,3
DA:156,3
DA:158,2
DA:160,2
DA:161,2
DA:162,3
DA:164,2
DA:165,3
DA:167,2
DA:168,2
DA:169,2
DA:170,3
DA:172,2
DA:173,3
DA:175,2
DA:176,2
DA:177,2
DA:178,3
DA:180,2
DA:181,3
DA:184,2
DA:185,3
DA:186,2
DA:188,2
DA:191,2
DA:193,3
DA:196,44
DA:198,44
DA:200,8
DA:201,8
DA:205,29
DA:206,104
DA:207,0
DA:208,0
DA:209,0
DA:210,0
DA:211,0
DA:213,0
DA:216,0
DA:217,0
DA:220,29
DA:222,104
DA:223,1
DA:224,1
DA:225,1
DA:227,2
DA:228,2
DA:230,1
DA:232,1
DA:234,2
DA:235,2
DA:236,2
DA:237,2
DA:238,2
DA:240,2
DA:241,1
DA:242,1
DA:243,2
DA:246,2
DA:247,1
DA:248,1
DA:249,1
DA:250,2
DA:251,4
DA:253,1
DA:256,1
DA:257,2
DA:258,2
DA:260,1
DA:261,2
DA:262,1
LF:184
LH:174
BRDA:31,0,0,0
BRDA:31,0,1,0
BRDA:35,1,0,0
BRDA:35,1,1,0
BRDA:39,2,0,0
BRDA:39,2,1,0
BRDA:43,3,0,0
BRDA:43,3,1,0
BRDA:47,4,0,0
BRDA:47,4,1,0
BRDA:56,5,0,0
BRDA:56,5,1,0
BRDA:66,6,0,0
BRDA:66,6,1,0
BRDA:70,7,0,0
BRDA:70,7,1,0
BRDA:74,8,0,0
BRDA:74,8,1,0
BRDA:79,9,0,0
BRDA:79,9,1,0
BRDA:83,10,0,0
BRDA:83,10,1,0
BRDA:86,11,0,2
BRDA:86,11,1,2
BRDA:178,12,0,0
BRDA:178,12,1,6
BRDA:178,13,0,0
BRDA:178,13,1,6
BRDA:181,14,0,0
BRDA:181,14,1,3
BRDA:142,15,0,3
BRDA:142,15,1,3
BRDA:146,16,0,6
BRDA:146,16,1,9
BRDA:149,17,0,9
BRDA:149,17,1,6
BRDA:120,18,0,110
BRDA:120,18,1,0
BRDA:123,19,0,110
BRDA:123,19,1,0
BRDA:138,20,0,6
BRDA:138,20,1,104
BRDA:102,21,0,36
BRDA:102,21,1,38
BRDA:103,22,0,0
BRDA:103,22,1,74
BRDA:107,23,0,74
BRDA:107,23,1,0
BRDA:210,24,0,0
BRDA:210,24,1,0
BRDA:238,25,0,2
BRDA:238,25,1,0
BRDA:240,26,0,2
BRDA:240,26,1,0
BRDA:246,27,0,2
BRDA:246,27,1,0
BRDA:6,28,0,4
BRDA:6,28,1,100
BRDA:18,29,0,37
BRDA:18,29,1,67
BRDA:26,30,0,4
BRDA:26,30,1,100
BRDA:91,31,0,58
BRDA:91,31,1,46
BRDA:206,32,0,0
BRDA:206,32,1,104
BRDA:222,33,0,2
BRDA:222,33,1,102
BRF:68
BRH:33
end_of_record
TN:
SF:src/app/pages/jobs/jobs.component.ts
FN:37,(anonymous_0)
FN:39,(anonymous_1)
FN:43,(anonymous_2)
FN:46,(anonymous_3)
FN:52,(anonymous_4)
FN:59,(anonymous_5)
FN:70,(anonymous_6)
FN:72,(anonymous_7)
FN:73,(anonymous_8)
FN:80,(anonymous_9)
FN:86,(anonymous_10)
FN:95,(anonymous_11)
FN:113,(anonymous_12)
FN:116,(anonymous_13)
FN:121,(anonymous_14)
FN:132,(anonymous_15)
FN:137,(anonymous_16)
FN:144,(anonymous_17)
FN:145,(anonymous_18)
FN:148,(anonymous_19)
FN:152,(anonymous_20)
FN:156,(anonymous_21)
FN:157,(anonymous_22)
FN:160,(anonymous_23)
FN:166,(anonymous_24)
FN:168,(anonymous_25)
FN:168,(anonymous_26)
FN:174,(anonymous_27)
FN:175,(anonymous_28)
FN:178,(anonymous_29)
FN:180,(anonymous_30)
FN:180,(anonymous_31)
FN:183,(anonymous_32)
FN:187,(anonymous_33)
FN:189,(anonymous_34)
FN:199,(anonymous_35)
FN:203,(anonymous_36)
FN:204,(anonymous_37)
FN:206,(anonymous_38)
FN:210,(anonymous_39)
FN:214,(anonymous_40)
FN:216,(anonymous_41)
FN:216,(anonymous_42)
FN:21,(anonymous_43)
FNF:44
FNH:43
FNDA:29,(anonymous_0)
FNDA:29,(anonymous_1)
FNDA:32,(anonymous_2)
FNDA:31,(anonymous_3)
FNDA:1,(anonymous_4)
FNDA:31,(anonymous_5)
FNDA:4,(anonymous_6)
FNDA:23,(anonymous_7)
FNDA:46,(anonymous_8)
FNDA:2,(anonymous_9)
FNDA:2,(anonymous_10)
FNDA:3,(anonymous_11)
FNDA:2,(anonymous_12)
FNDA:1,(anonymous_13)
FNDA:2,(anonymous_14)
FNDA:1,(anonymous_15)
FNDA:0,(anonymous_16)
FNDA:114,(anonymous_17)
FNDA:191,(anonymous_18)
FNDA:115,(anonymous_19)
FNDA:31,(anonymous_20)
FNDA:142,(anonymous_21)
FNDA:225,(anonymous_22)
FNDA:1,(anonymous_23)
FNDA:46,(anonymous_24)
FNDA:2,(anonymous_25)
FNDA:2,(anonymous_26)
FNDA:224,(anonymous_27)
FNDA:11,(anonymous_28)
FNDA:107,(anonymous_29)
FNDA:2,(anonymous_30)
FNDA:2,(anonymous_31)
FNDA:107,(anonymous_32)
FNDA:1,(anonymous_33)
FNDA:1,(anonymous_34)
FNDA:1,(anonymous_35)
FNDA:1,(anonymous_36)
FNDA:1,(anonymous_37)
FNDA:2,(anonymous_38)
FNDA:1,(anonymous_39)
FNDA:4,(anonymous_40)
FNDA:7,(anonymous_41)
FNDA:7,(anonymous_42)
FNDA:1,(anonymous_43)
DA:1,1
DA:21,133
DA:22,29
DA:23,29
DA:24,29
DA:25,29
DA:26,29
DA:28,29
DA:29,29
DA:30,29
DA:31,29
DA:32,29
DA:33,29
DA:34,29
DA:35,29
DA:37,29
DA:40,29
DA:44,32
DA:45,32
DA:47,31
DA:48,31
DA:49,31
DA:50,31
DA:53,1
DA:54,1
DA:60,31
DA:61,31
DA:62,69
DA:63,69
DA:64,23
DA:66,46
DA:70,31
DA:71,31
DA:72,23
DA:73,46
DA:81,2
DA:85,2
DA:87,2
DA:88,2
DA:89,2
DA:90,2
DA:96,3
DA:97,3
DA:110,3
DA:114,2
DA:115,1
DA:116,1
DA:122,2
DA:123,1
DA:124,1
DA:125,1
DA:127,1
DA:128,1
DA:129,1
DA:130,1
DA:131,1
DA:133,1
DA:134,1
DA:135,1
DA:138,0
DA:139,0
DA:145,191
DA:149,115
DA:153,31
DA:157,225
DA:161,1
DA:162,1
DA:163,1
DA:167,46
DA:168,2
DA:170,46
DA:171,46
DA:175,224
DA:179,107
DA:180,2
DA:184,107
DA:188,1
DA:189,1
DA:190,0
DA:191,0
DA:192,0
DA:193,0
DA:194,0
DA:195,0
DA:196,0
DA:200,1
DA:201,1
DA:203,1
DA:204,1
DA:207,2
DA:211,1
DA:215,4
DA:216,7
LF:93
LH:84
BRDA:63,0,0,23
BRDA:63,0,1,46
BRDA:76,1,0,46
BRDA:76,1,1,44
BRDA:81,2,0,1
BRDA:81,2,1,1
BRDA:103,3,0,3
BRDA:103,3,1,0
BRDA:104,4,0,3
BRDA:104,4,1,0
BRDA:105,5,0,3
BRDA:105,5,1,3
BRDA:106,6,0,3
BRDA:106,6,1,3
BRDA:114,7,0,1
BRDA:114,7,1,1
BRDA:122,8,0,1
BRDA:122,8,1,1
BRDA:167,9,0,1
BRDA:167,9,1,45
BRDA:175,10,0,7
BRDA:175,10,1,217
BRDA:179,11,0,106
BRDA:179,11,1,1
BRDA:189,12,0,1
BRDA:189,12,1,0
BRDA:192,13,0,0
BRDA:192,13,1,0
BRDA:194,14,0,0
BRDA:194,14,1,0
BRDA:200,15,0,0
BRDA:200,15,1,1
BRDA:203,16,0,1
BRDA:203,16,1,0
BRDA:204,17,0,0
BRDA:204,17,1,1
BRDA:215,18,0,1
BRDA:215,18,1,3
BRDA:21,19,0,29
BRDA:21,19,1,29
BRDA:21,20,0,29
BRDA:21,20,1,104
BRDA:21,21,0,1
BRDA:21,21,1,1
BRDA:21,21,2,1
BRDA:21,22,0,1
BRDA:21,22,1,1
BRDA:21,22,2,1
BRF:48
BRH:38
end_of_record
TN:
SF:src/app/pages/pipeline/pipeline.component.html
FN:44,PipelineComponent_For_8_For_8_Template_button_click_10_listener
FN:45,PipelineComponent_For_8_For_8_Template_button_click_12_listener
FN:25,PipelineComponent_For_8_Template_div_cdkDropListDropped_6_listener
FN:57,PipelineComponent_Conditional_9_Template_div_click_0_listener
FN:58,PipelineComponent_Conditional_9_Template_div_click_1_listener
FN:61,PipelineComponent_Conditional_9_Template_button_click_5_listener
FN:63,PipelineComponent_Conditional_9_Template_form_ngSubmit_7_listener
FN:67,PipelineComponent_Conditional_9_Template_input_ngModelChange_12_listener
FN:71,PipelineComponent_Conditional_9_Template_input_ngModelChange_16_listener
FN:75,PipelineComponent_Conditional_9_Template_input_ngModelChange_20_listener
FN:79,PipelineComponent_Conditional_9_Template_input_ngModelChange_24_listener
FN:83,PipelineComponent_Conditional_9_Template_select_ngModelChange_28_listener
FN:92,PipelineComponent_Conditional_9_Template_input_ngModelChange_36_listener
FN:96,PipelineComponent_Conditional_9_Template_input_ngModelChange_42_listener
FN:101,PipelineComponent_Conditional_9_Template_input_ngModelChange_49_listener
FN:105,PipelineComponent_Conditional_9_Template_input_ngModelChange_55_listener
FN:109,PipelineComponent_Conditional_9_Template_input_ngModelChange_59_listener
FN:114,PipelineComponent_Conditional_9_Template_textarea_ngModelChange_63_listener
FN:117,PipelineComponent_Conditional_9_Template_button_click_65_listener
FNF:19
FNH:0
FNDA:0,PipelineComponent_For_8_For_8_Template_button_click_10_listener
FNDA:0,PipelineComponent_For_8_For_8_Template_button_click_12_listener
FNDA:0,PipelineComponent_For_8_Template_div_cdkDropListDropped_6_listener
FNDA:0,PipelineComponent_Conditional_9_Template_div_click_0_listener
FNDA:0,PipelineComponent_Conditional_9_Template_div_click_1_listener
FNDA:0,PipelineComponent_Conditional_9_Template_button_click_5_listener
FNDA:0,PipelineComponent_Conditional_9_Template_form_ngSubmit_7_listener
FNDA:0,PipelineComponent_Conditional_9_Template_input_ngModelChange_12_listener
FNDA:0,PipelineComponent_Conditional_9_Template_input_ngModelChange_16_listener
FNDA:0,PipelineComponent_Conditional_9_Template_input_ngModelChange_20_listener
FNDA:0,PipelineComponent_Conditional_9_Template_input_ngModelChange_24_listener
FNDA:0,PipelineComponent_Conditional_9_Template_select_ngModelChange_28_listener
FNDA:0,PipelineComponent_Conditional_9_Template_input_ngModelChange_36_listener
FNDA:0,PipelineComponent_Conditional_9_Template_input_ngModelChange_42_listener
FNDA:0,PipelineComponent_Conditional_9_Template_input_ngModelChange_49_listener
FNDA:0,PipelineComponent_Conditional_9_Template_input_ngModelChange_55_listener
FNDA:0,PipelineComponent_Conditional_9_Template_input_ngModelChange_59_listener
FNDA:0,PipelineComponent_Conditional_9_Template_textarea_ngModelChange_63_listener
FNDA:0,PipelineComponent_Conditional_9_Template_button_click_65_listener
DA:1,16
DA:4,16
DA:5,70
DA:6,38
DA:7,38
DA:9,16
DA:12,16
DA:13,70
DA:14,96
DA:15,420
DA:16,420
DA:17,420
DA:19,96
DA:22,420
DA:25,0
DA:26,420
DA:27,42
DA:28,42
DA:29,42
DA:30,42
DA:31,42
DA:33,42
DA:34,32
DA:35,42
DA:36,84
DA:38,32
DA:40,42
DA:41,21
DA:43,42
DA:44,32
DA:45,32
DA:48,98
DA:50,96
DA:53,16
DA:56,70
DA:57,1
DA:58,1
DA:59,1
DA:60,1
DA:61,1
DA:63,1
DA:64,1
DA:66,1
DA:67,2
DA:69,1
DA:70,1
DA:71,2
DA:73,1
DA:74,1
DA:75,2
DA:77,1
DA:78,1
DA:79,2
DA:81,1
DA:82,1
DA:83,2
DA:84,2
DA:85,0
DA:87,1
DA:90,1
DA:91,1
DA:92,2
DA:94,1
DA:95,1
DA:96,2
DA:98,1
DA:100,1
DA:101,2
DA:103,1
DA:104,1
DA:105,2
DA:107,1
DA:108,1
DA:109,2
DA:112,1
DA:113,1
DA:114,2
DA:116,1
DA:117,1
DA:118,1
LF:80
LH:78
BRDA:30,0,0,42
BRDA:30,0,1,0
BRDA:33,1,0,42
BRDA:33,1,1,0
BRDA:40,2,0,21
BRDA:40,2,1,21
BRDA:67,3,0,0
BRDA:67,3,1,0
BRDA:71,4,0,0
BRDA:71,4,1,0
BRDA:75,5,0,0
BRDA:75,5,1,0
BRDA:79,6,0,0
BRDA:79,6,1,0
BRDA:83,7,0,0
BRDA:83,7,1,0
BRDA:92,8,0,0
BRDA:92,8,1,0
BRDA:96,9,0,0
BRDA:96,9,1,0
BRDA:101,10,0,0
BRDA:101,10,1,0
BRDA:105,11,0,0
BRDA:105,11,1,0
BRDA:109,12,0,0
BRDA:109,12,1,0
BRDA:114,13,0,0
BRDA:114,13,1,0
BRDA:5,14,0,38
BRDA:5,14,1,32
BRDA:56,15,0,2
BRDA:56,15,1,68
BRF:32
BRH:8
end_of_record
TN:
SF:src/app/pages/pipeline/pipeline.component.ts
FN:26,(anonymous_0)
FN:29,(anonymous_1)
FN:36,(anonymous_2)
FN:39,(anonymous_3)
FN:47,(anonymous_4)
FN:51,(anonymous_5)
FN:58,(anonymous_6)
FN:59,(anonymous_7)
FN:62,(anonymous_8)
FN:81,(anonymous_9)
FN:86,(anonymous_10)
FN:103,(anonymous_11)
FN:109,(anonymous_12)
FN:116,(anonymous_13)
FN:127,(anonymous_14)
FN:131,(anonymous_15)
FN:133,(anonymous_16)
FN:137,(anonymous_17)
FN:141,(anonymous_18)
FN:145,(anonymous_19)
FN:149,(anonymous_20)
FN:151,(anonymous_21)
FN:151,(anonymous_22)
FN:20,(anonymous_23)
FNF:24
FNH:21
FNDA:112,(anonymous_0)
FNDA:16,(anonymous_1)
FNDA:16,(anonymous_2)
FNDA:16,(anonymous_3)
FNDA:18,(anonymous_4)
FNDA:18,(anonymous_5)
FNDA:842,(anonymous_6)
FNDA:508,(anonymous_7)
FNDA:4,(anonymous_8)
FNDA:2,(anonymous_9)
FNDA:2,(anonymous_10)
FNDA:1,(anonymous_11)
FNDA:0,(anonymous_12)
FNDA:0,(anonymous_13)
FNDA:0,(anonymous_14)
FNDA:2,(anonymous_15)
FNDA:1,(anonymous_16)
FNDA:422,(anonymous_17)
FNDA:422,(anonymous_18)
FNDA:43,(anonymous_19)
FNDA:44,(anonymous_20)
FNDA:87,(anonymous_21)
FNDA:87,(anonymous_22)
FNDA:1,(anonymous_23)
DA:1,1
DA:8,1
DA:20,86
DA:21,16
DA:22,16
DA:23,16
DA:24,16
DA:26,112
DA:27,16
DA:30,16
DA:31,16
DA:32,16
DA:33,16
DA:37,16
DA:38,16
DA:40,16
DA:41,16
DA:44,16
DA:48,18
DA:49,18
DA:50,18
DA:52,18
DA:53,18
DA:59,842
DA:63,4
DA:64,4
DA:82,2
DA:83,2
DA:87,2
DA:88,1
DA:103,2
DA:104,1
DA:105,1
DA:110,0
DA:111,0
DA:112,0
DA:116,0
DA:117,0
DA:118,0
DA:119,0
DA:120,0
DA:123,0
DA:127,0
DA:132,2
DA:133,1
DA:138,422
DA:142,422
DA:146,43
DA:150,44
DA:151,87
LF:50
LH:40
BRDA:48,0,0,18
BRDA:48,0,1,2
BRDA:49,1,0,0
BRDA:49,1,1,18
BRDA:72,2,0,4
BRDA:72,2,1,0
BRDA:73,3,0,4
BRDA:73,3,1,4
BRDA:74,4,0,4
BRDA:74,4,1,4
BRDA:75,5,0,4
BRDA:75,5,1,0
BRDA:87,6,0,1
BRDA:87,6,1,1
BRDA:89,7,0,1
BRDA:89,7,1,0
BRDA:90,8,0,2
BRDA:90,8,1,0
BRDA:91,9,0,2
BRDA:91,9,1,0
BRDA:92,10,0,2
BRDA:92,10,1,0
BRDA:93,11,0,2
BRDA:93,11,1,0
BRDA:94,12,0,2
BRDA:94,12,1,0
BRDA:95,13,0,2
BRDA:95,13,1,0
BRDA:96,14,0,2
BRDA:96,14,1,0
BRDA:97,15,0,2
BRDA:97,15,1,1
BRDA:98,16,0,2
BRDA:98,16,1,1
BRDA:99,17,0,2
BRDA:99,17,1,0
BRDA:100,18,0,2
BRDA:100,18,1,0
BRDA:112,19,0,0
BRDA:112,19,1,0
BRDA:117,20,0,0
BRDA:117,20,1,0
BRDA:132,21,0,1
BRDA:132,21,1,1
BRDA:150,22,0,1
BRDA:150,22,1,43
BRDA:20,23,0,16
BRDA:20,23,1,16
BRDA:20,24,0,16
BRDA:20,24,1,70
BRDA:20,25,0,1
BRDA:20,25,1,1
BRDA:20,25,2,1
BRDA:20,26,0,1
BRDA:20,26,1,1
BRDA:20,26,2,1
BRF:56
BRH:39
end_of_record
TN:
SF:src/app/pages/talent/talent.component.html
FN:25,TalentComponent_Conditional_17_Template_button_click_0_listener
FN:39,TalentComponent_Conditional_22_Template_button_click_0_listener
FN:80,TalentComponent_Conditional_37_Conditional_5_Template_button_click_0_listener
FN:114,TalentComponent_Conditional_38_For_2_Conditional_20_For_2_Template_span_click_0_listener
FN:126,TalentComponent_Conditional_38_For_2_Conditional_25_Template_a_click_0_listener
FN:86,TalentComponent_Conditional_38_For_2_Template_div_click_0_listener
FN:97,TalentComponent_Conditional_38_For_2_Template_button_click_12_listener
FN:98,TalentComponent_Conditional_38_For_2_Template_button_click_14_listener
FN:139,TalentComponent_Conditional_38_Conditional_3_For_4_Conditional_1_Template_button_click_0_listener
FN:134,TalentComponent_Conditional_38_Conditional_3_Template_button_click_1_listener
FN:142,TalentComponent_Conditional_38_Conditional_3_Template_button_click_5_listener
FN:150,TalentComponent_Conditional_39_Template_div_click_0_listener
FN:151,TalentComponent_Conditional_39_Template_div_click_1_listener
FN:154,TalentComponent_Conditional_39_Template_button_click_5_listener
FN:156,TalentComponent_Conditional_39_Template_form_ngSubmit_7_listener
FN:160,TalentComponent_Conditional_39_Template_input_ngModelChange_12_listener
FN:164,TalentComponent_Conditional_39_Template_input_ngModelChange_16_listener
FN:168,TalentComponent_Conditional_39_Template_input_ngModelChange_20_listener
FN:172,TalentComponent_Conditional_39_Template_input_ngModelChange_24_listener
FN:176,TalentComponent_Conditional_39_Template_select_ngModelChange_28_listener
FN:185,TalentComponent_Conditional_39_Template_select_ngModelChange_36_listener
FN:194,TalentComponent_Conditional_39_Template_input_ngModelChange_44_listener
FN:198,TalentComponent_Conditional_39_Template_input_ngModelChange_50_listener
FN:203,TalentComponent_Conditional_39_Template_input_ngModelChange_57_listener
FN:207,TalentComponent_Conditional_39_Template_input_ngModelChange_63_listener
FN:211,TalentComponent_Conditional_39_Template_input_ngModelChange_67_listener
FN:216,TalentComponent_Conditional_39_Template_textarea_ngModelChange_71_listener
FN:219,TalentComponent_Conditional_39_Template_button_click_73_listener
FN:228,TalentComponent_Conditional_40_Template_div_click_0_listener
FN:229,TalentComponent_Conditional_40_Template_div_click_1_listener
FN:232,TalentComponent_Conditional_40_Template_button_click_5_listener
FN:234,TalentComponent_Conditional_40_Template_form_ngSubmit_7_listener
FN:238,TalentComponent_Conditional_40_Template_input_ngModelChange_12_listener
FN:242,TalentComponent_Conditional_40_Template_input_ngModelChange_16_listener
FN:246,TalentComponent_Conditional_40_Template_input_ngModelChange_20_listener
FN:250,TalentComponent_Conditional_40_Template_input_ngModelChange_24_listener
FN:254,TalentComponent_Conditional_40_Template_select_ngModelChange_28_listener
FN:262,TalentComponent_Conditional_40_Template_select_ngModelChange_34_listener
FN:271,TalentComponent_Conditional_40_Template_input_ngModelChange_42_listener
FN:275,TalentComponent_Conditional_40_Template_input_ngModelChange_48_listener
FN:280,TalentComponent_Conditional_40_Template_input_ngModelChange_55_listener
FN:284,TalentComponent_Conditional_40_Template_input_ngModelChange_61_listener
FN:288,TalentComponent_Conditional_40_Template_input_ngModelChange_65_listener
FN:293,TalentComponent_Conditional_40_Template_textarea_ngModelChange_69_listener
FN:296,TalentComponent_Conditional_40_Template_button_click_71_listener
FN:373,TalentComponent_Conditional_41_Conditional_39_Template_a_click_0_listener
FN:305,TalentComponent_Conditional_41_Template_div_click_0_listener
FN:306,TalentComponent_Conditional_41_Template_div_click_1_listener
FN:315,TalentComponent_Conditional_41_Template_button_click_11_listener
FN:375,TalentComponent_Conditional_41_Template_button_click_40_listener
FN:383,TalentComponent_Conditional_42_Template_div_click_0_listener
FN:384,TalentComponent_Conditional_42_Template_div_click_1_listener
FN:387,TalentComponent_Conditional_42_Template_button_click_5_listener
FN:391,TalentComponent_Conditional_42_Template_label_dragover_10_listener
FN:391,TalentComponent_Conditional_42_Template_label_drop_10_listener
FN:401,TalentComponent_Conditional_42_Template_input_change_13_listener
FN:407,TalentComponent_Conditional_42_Template_button_click_16_listener
FN:408,TalentComponent_Conditional_42_Template_button_click_18_listener
FN:8,TalentComponent_Template_button_click_8_listener
FN:9,TalentComponent_Template_button_click_10_listener
FN:21,TalentComponent_Template_input_ngModelChange_16_listener
FN:22,TalentComponent_Template_input_ngModelChange_16_listener
FN:35,TalentComponent_Template_input_ngModelChange_21_listener
FN:36,TalentComponent_Template_input_ngModelChange_21_listener
FN:43,TalentComponent_Template_select_ngModelChange_23_listener
FN:43,TalentComponent_Template_select_ngModelChange_23_listener
FN:50,TalentComponent_Template_select_ngModelChange_28_listener
FN:50,TalentComponent_Template_select_ngModelChange_28_listener
FN:57,TalentComponent_Template_button_click_33_listener
FNF:69
FNH:0
FNDA:0,TalentComponent_Conditional_17_Template_button_click_0_listener
FNDA:0,TalentComponent_Conditional_22_Template_button_click_0_listener
FNDA:0,TalentComponent_Conditional_37_Conditional_5_Template_button_click_0_listener
FNDA:0,TalentComponent_Conditional_38_For_2_Conditional_20_For_2_Template_span_click_0_listener
FNDA:0,TalentComponent_Conditional_38_For_2_Conditional_25_Template_a_click_0_listener
FNDA:0,TalentComponent_Conditional_38_For_2_Template_div_click_0_listener
FNDA:0,TalentComponent_Conditional_38_For_2_Template_button_click_12_listener
FNDA:0,TalentComponent_Conditional_38_For_2_Template_button_click_14_listener
FNDA:0,TalentComponent_Conditional_38_Conditional_3_For_4_Conditional_1_Template_button_click_0_listener
FNDA:0,TalentComponent_Conditional_38_Conditional_3_Template_button_click_1_listener
FNDA:0,TalentComponent_Conditional_38_Conditional_3_Template_button_click_5_listener
FNDA:0,TalentComponent_Conditional_39_Template_div_click_0_listener
FNDA:0,TalentComponent_Conditional_39_Template_div_click_1_listener
FNDA:0,TalentComponent_Conditional_39_Template_button_click_5_listener
FNDA:0,TalentComponent_Conditional_39_Template_form_ngSubmit_7_listener
FNDA:0,TalentComponent_Conditional_39_Template_input_ngModelChange_12_listener
FNDA:0,TalentComponent_Conditional_39_Template_input_ngModelChange_16_listener
FNDA:0,TalentComponent_Conditional_39_Template_input_ngModelChange_20_listener
FNDA:0,TalentComponent_Conditional_39_Template_input_ngModelChange_24_listener
FNDA:0,TalentComponent_Conditional_39_Template_select_ngModelChange_28_listener
FNDA:0,TalentComponent_Conditional_39_Template_select_ngModelChange_36_listener
FNDA:0,TalentComponent_Conditional_39_Template_input_ngModelChange_44_listener
FNDA:0,TalentComponent_Conditional_39_Template_input_ngModelChange_50_listener
FNDA:0,TalentComponent_Conditional_39_Template_input_ngModelChange_57_listener
FNDA:0,TalentComponent_Conditional_39_Template_input_ngModelChange_63_listener
FNDA:0,TalentComponent_Conditional_39_Template_input_ngModelChange_67_listener
FNDA:0,TalentComponent_Conditional_39_Template_textarea_ngModelChange_71_listener
FNDA:0,TalentComponent_Conditional_39_Template_button_click_73_listener
FNDA:0,TalentComponent_Conditional_40_Template_div_click_0_listener
FNDA:0,TalentComponent_Conditional_40_Template_div_click_1_listener
FNDA:0,TalentComponent_Conditional_40_Template_button_click_5_listener
FNDA:0,TalentComponent_Conditional_40_Template_form_ngSubmit_7_listener
FNDA:0,TalentComponent_Conditional_40_Template_input_ngModelChange_12_listener
FNDA:0,TalentComponent_Conditional_40_Template_input_ngModelChange_16_listener
FNDA:0,TalentComponent_Conditional_40_Template_input_ngModelChange_20_listener
FNDA:0,TalentComponent_Conditional_40_Template_input_ngModelChange_24_listener
FNDA:0,TalentComponent_Conditional_40_Template_select_ngModelChange_28_listener
FNDA:0,TalentComponent_Conditional_40_Template_select_ngModelChange_34_listener
FNDA:0,TalentComponent_Conditional_40_Template_input_ngModelChange_42_listener
FNDA:0,TalentComponent_Conditional_40_Template_input_ngModelChange_48_listener
FNDA:0,TalentComponent_Conditional_40_Template_input_ngModelChange_55_listener
FNDA:0,TalentComponent_Conditional_40_Template_input_ngModelChange_61_listener
FNDA:0,TalentComponent_Conditional_40_Template_input_ngModelChange_65_listener
FNDA:0,TalentComponent_Conditional_40_Template_textarea_ngModelChange_69_listener
FNDA:0,TalentComponent_Conditional_40_Template_button_click_71_listener
FNDA:0,TalentComponent_Conditional_41_Conditional_39_Template_a_click_0_listener
FNDA:0,TalentComponent_Conditional_41_Template_div_click_0_listener
FNDA:0,TalentComponent_Conditional_41_Template_div_click_1_listener
FNDA:0,TalentComponent_Conditional_41_Template_button_click_11_listener
FNDA:0,TalentComponent_Conditional_41_Template_button_click_40_listener
FNDA:0,TalentComponent_Conditional_42_Template_div_click_0_listener
FNDA:0,TalentComponent_Conditional_42_Template_div_click_1_listener
FNDA:0,TalentComponent_Conditional_42_Template_button_click_5_listener
FNDA:0,TalentComponent_Conditional_42_Template_label_dragover_10_listener
FNDA:0,TalentComponent_Conditional_42_Template_label_drop_10_listener
FNDA:0,TalentComponent_Conditional_42_Template_input_change_13_listener
FNDA:0,TalentComponent_Conditional_42_Template_button_click_16_listener
FNDA:0,TalentComponent_Conditional_42_Template_button_click_18_listener
FNDA:0,TalentComponent_Template_button_click_8_listener
FNDA:0,TalentComponent_Template_button_click_10_listener
FNDA:0,TalentComponent_Template_input_ngModelChange_16_listener
FNDA:0,TalentComponent_Template_input_ngModelChange_16_listener
FNDA:0,TalentComponent_Template_input_ngModelChange_21_listener
FNDA:0,TalentComponent_Template_input_ngModelChange_21_listener
FNDA:0,TalentComponent_Template_select_ngModelChange_23_listener
FNDA:0,TalentComponent_Template_select_ngModelChange_23_listener
FNDA:0,TalentComponent_Template_select_ngModelChange_28_listener
FNDA:0,TalentComponent_Template_select_ngModelChange_28_listener
FNDA:0,TalentComponent_Template_button_click_33_listener
DA:1,47
DA:4,47
DA:5,274
DA:7,47
DA:8,47
DA:9,47
DA:14,47
DA:16,47
DA:17,47
DA:21,274
DA:22,47
DA:24,274
DA:25,2
DA:27,47
DA:29,47
DA:30,47
DA:31,47
DA:35,274
DA:36,47
DA:38,274
DA:39,3
DA:41,47
DA:43,274
DA:44,47
DA:45,274
DA:46,0
DA:48,47
DA:50,274
DA:51,274
DA:52,274
DA:53,133
DA:55,47
DA:57,274
DA:58,47
DA:59,47
DA:63,274
DA:64,4
DA:65,8
DA:66,8
DA:67,4
DA:71,274
DA:72,55
DA:73,55
DA:74,55
DA:76,10
DA:77,10
DA:78,10
DA:79,12
DA:80,2
DA:82,10
DA:84,45
DA:85,65
DA:86,90
DA:87,90
DA:88,128
DA:89,90
DA:90,128
DA:91,128
DA:93,128
DA:94,128
DA:95,90
DA:96,90
DA:97,90
DA:98,90
DA:102,90
DA:103,128
DA:104,128
DA:105,128
DA:107,90
DA:109,128
DA:110,90
DA:111,128
DA:112,180
DA:113,256
DA:114,256
DA:116,90
DA:119,128
DA:120,0
DA:123,90
DA:124,128
DA:125,128
DA:126,128
DA:128,90
DA:131,45
DA:132,65
DA:133,0
DA:134,0
DA:135,0
DA:136,0
DA:137,0
DA:139,0
DA:142,0
DA:143,0
DA:147,47
DA:149,274
DA:150,1
DA:151,1
DA:152,1
DA:153,1
DA:154,1
DA:156,1
DA:157,1
DA:159,1
DA:160,2
DA:162,1
DA:163,1
DA:164,2
DA:166,1
DA:167,1
DA:168,2
DA:170,1
DA:171,1
DA:172,2
DA:174,1
DA:175,1
DA:176,2
DA:177,2
DA:178,2
DA:179,2
DA:181,1
DA:183,1
DA:184,1
DA:185,2
DA:186,2
DA:187,0
DA:189,1
DA:192,1
DA:193,1
DA:194,2
DA:196,1
DA:197,1
DA:198,2
DA:200,1
DA:202,1
DA:203,2
DA:205,1
DA:206,1
DA:207,2
DA:209,1
DA:210,1
DA:211,2
DA:214,1
DA:215,1
DA:216,2
DA:218,1
DA:219,1
DA:220,1
DA:227,274
DA:228,1
DA:229,1
DA:230,1
DA:231,1
DA:232,1
DA:234,1
DA:235,1
DA:237,1
DA:238,2
DA:240,1
DA:241,1
DA:242,2
DA:244,1
DA:245,1
DA:246,2
DA:248,1
DA:249,1
DA:250,2
DA:252,1
DA:253,1
DA:254,2
DA:255,2
DA:256,2
DA:258,1
DA:260,1
DA:261,1
DA:262,2
DA:263,2
DA:264,0
DA:266,1
DA:269,1
DA:270,1
DA:271,2
DA:273,1
DA:274,1
DA:275,2
DA:277,1
DA:279,1
DA:280,2
DA:282,1
DA:283,1
DA:284,2
DA:286,1
DA:287,1
DA:288,2
DA:291,1
DA:292,1
DA:293,2
DA:295,1
DA:296,1
DA:297,1
DA:304,274
DA:305,1
DA:306,1
DA:307,1
DA:309,2
DA:310,1
DA:311,2
DA:312,2
DA:315,1
DA:317,1
DA:319,2
DA:320,2
DA:321,1
DA:323,1
DA:325,1
DA:326,2
DA:328,2
DA:329,1
DA:330,1
DA:331,2
DA:334,1
DA:335,1
DA:336,2
DA:338,1
DA:339,1
DA:340,2
DA:342,2
DA:343,0
DA:344,0
DA:345,0
DA:348,2
DA:349,0
DA:350,0
DA:351,0
DA:354,1
DA:355,2
DA:356,1
DA:357,1
DA:358,1
DA:359,2
DA:360,4
DA:362,1
DA:365,2
DA:366,0
DA:367,0
DA:368,0
DA:371,1
DA:372,2
DA:373,2
DA:375,1
DA:382,274
DA:383,4
DA:384,4
DA:385,4
DA:386,4
DA:387,4
DA:389,4
DA:390,4
DA:391,7
DA:392,7
DA:393,3
DA:394,5
DA:395,5
DA:397,1
DA:398,1
DA:399,1
DA:401,4
DA:403,7
DA:404,3
DA:406,4
DA:407,4
DA:408,7
DA:409,7
DA:410,4
LF:273
LH:252
BRDA:65,0,0,8
BRDA:65,0,1,0
BRDA:66,1,0,2
BRDA:66,1,1,6
BRDA:79,2,0,2
BRDA:79,2,1,10
BRDA:104,3,0,128
BRDA:104,3,1,0
BRDA:109,4,0,128
BRDA:109,4,1,0
BRDA:119,5,0,0
BRDA:119,5,1,128
BRDA:125,6,0,128
BRDA:125,6,1,0
BRDA:136,7,0,0
BRDA:136,7,1,0
BRDA:132,8,0,0
BRDA:132,8,1,65
BRDA:160,9,0,0
BRDA:160,9,1,0
BRDA:164,10,0,0
BRDA:164,10,1,0
BRDA:168,11,0,0
BRDA:168,11,1,0
BRDA:172,12,0,0
BRDA:172,12,1,0
BRDA:176,13,0,0
BRDA:176,13,1,0
BRDA:185,14,0,0
BRDA:185,14,1,0
BRDA:194,15,0,0
BRDA:194,15,1,0
BRDA:198,16,0,0
BRDA:198,16,1,0
BRDA:203,17,0,0
BRDA:203,17,1,0
BRDA:207,18,0,0
BRDA:207,18,1,0
BRDA:211,19,0,0
BRDA:211,19,1,0
BRDA:216,20,0,0
BRDA:216,20,1,0
BRDA:238,21,0,0
BRDA:238,21,1,0
BRDA:242,22,0,0
BRDA:242,22,1,0
BRDA:246,23,0,0
BRDA:246,23,1,0
BRDA:250,24,0,0
BRDA:250,24,1,0
BRDA:254,25,0,0
BRDA:254,25,1,0
BRDA:262,26,0,0
BRDA:262,26,1,0
BRDA:271,27,0,0
BRDA:271,27,1,0
BRDA:275,28,0,0
BRDA:275,28,1,0
BRDA:280,29,0,0
BRDA:280,29,1,0
BRDA:284,30,0,0
BRDA:284,30,1,0
BRDA:288,31,0,0
BRDA:288,31,1,0
BRDA:293,32,0,0
BRDA:293,32,1,0
BRDA:328,33,0,2
BRDA:328,33,1,0
BRDA:342,34,0,0
BRDA:342,34,1,2
BRDA:348,35,0,0
BRDA:348,35,1,2
BRDA:355,36,0,2
BRDA:355,36,1,0
BRDA:365,37,0,0
BRDA:365,37,1,2
BRDA:372,38,0,2
BRDA:372,38,1,0
BRDA:392,39,0,5
BRDA:392,39,1,2
BRDA:403,40,0,3
BRDA:403,40,1,4
BRDA:408,41,0,7
BRDA:408,41,1,5
BRDA:409,42,0,2
BRDA:409,42,1,5
BRDA:21,43,0,0
BRDA:21,43,1,0
BRDA:35,44,0,0
BRDA:35,44,1,0
BRDA:43,45,0,0
BRDA:43,45,1,0
BRDA:50,46,0,0
BRDA:50,46,1,0
BRDA:5,47,0,274
BRDA:5,47,1,0
BRDA:24,48,0,4
BRDA:24,48,1,270
BRDA:38,49,0,6
BRDA:38,49,1,268
BRDA:63,50,0,8
BRDA:63,50,1,266
BRDA:71,51,0,209
BRDA:71,51,1,142
BRDA:149,52,0,2
BRDA:149,52,1,272
BRDA:227,53,0,2
BRDA:227,53,1,272
BRDA:304,54,0,2
BRDA:304,54,1,272
BRDA:382,55,0,7
BRDA:382,55,1,267
BRF:112
BRH:41
end_of_record
TN:
SF:src/app/pages/talent/talent.component.ts
FN:53,(anonymous_0)
FN:59,(anonymous_1)
FN:60,(anonymous_2)
FN:64,(anonymous_3)
FN:66,(anonymous_4)
FN:71,(anonymous_5)
FN:76,(anonymous_6)
FN:77,(anonymous_7)
FN:79,(anonymous_8)
FN:88,(anonymous_9)
FN:95,(anonymous_10)
FN:99,(anonymous_11)
FN:104,(anonymous_12)
FN:108,(anonymous_13)
FN:113,(anonymous_14)
FN:114,(anonymous_15)
FN:116,(anonymous_16)
FN:118,(anonymous_17)
FN:125,(anonymous_18)
FN:127,(anonymous_19)
FN:130,(anonymous_20)
FN:132,(anonymous_21)
FN:132,(anonymous_22)
FN:135,(anonymous_23)
FN:139,(anonymous_24)
FN:143,(anonymous_25)
FN:148,(anonymous_26)
FN:152,(anonymous_27)
FN:157,(anonymous_28)
FN:162,(anonymous_29)
FN:178,(anonymous_30)
FN:184,(anonymous_31)
FN:203,(anonymous_32)
FN:208,(anonymous_33)
FN:225,(anonymous_34)
FN:231,(anonymous_35)
FN:233,(anonymous_36)
FN:237,(anonymous_37)
FN:243,(anonymous_38)
FN:250,(anonymous_39)
FN:256,(anonymous_40)
FN:260,(anonymous_41)
FN:266,(anonymous_42)
FN:272,(anonymous_43)
FN:279,(anonymous_44)
FN:287,(anonymous_45)
FN:293,(anonymous_46)
FN:297,(anonymous_47)
FN:301,(anonymous_48)
FN:306,(anonymous_49)
FN:310,(anonymous_50)
FN:312,(anonymous_51)
FN:322,(anonymous_52)
FN:326,(anonymous_53)
FN:327,(anonymous_54)
FN:21,(anonymous_55)
FNF:56
FNH:52
FNDA:47,(anonymous_0)
FNDA:47,(anonymous_1)
FNDA:47,(anonymous_2)
FNDA:0,(anonymous_3)
FNDA:0,(anonymous_4)
FNDA:48,(anonymous_5)
FNDA:0,(anonymous_6)
FNDA:0,(anonymous_7)
FNDA:55,(anonymous_8)
FNDA:54,(anonymous_9)
FNDA:1,(anonymous_10)
FNDA:1,(anonymous_11)
FNDA:616,(anonymous_12)
FNDA:1,(anonymous_13)
FNDA:2,(anonymous_14)
FNDA:2,(anonymous_15)
FNDA:1,(anonymous_16)
FNDA:2,(anonymous_17)
FNDA:260,(anonymous_18)
FNDA:14,(anonymous_19)
FNDA:132,(anonymous_20)
FNDA:263,(anonymous_21)
FNDA:263,(anonymous_22)
FNDA:132,(anonymous_23)
FNDA:131,(anonymous_24)
FNDA:131,(anonymous_25)
FNDA:133,(anonymous_26)
FNDA:3,(anonymous_27)
FNDA:2,(anonymous_28)
FNDA:1,(anonymous_29)
FNDA:1,(anonymous_30)
FNDA:3,(anonymous_31)
FNDA:2,(anonymous_32)
FNDA:1,(anonymous_33)
FNDA:1,(anonymous_34)
FNDA:2,(anonymous_35)
FNDA:1,(anonymous_36)
FNDA:6,(anonymous_37)
FNDA:2,(anonymous_38)
FNDA:1,(anonymous_39)
FNDA:1,(anonymous_40)
FNDA:1,(anonymous_41)
FNDA:3,(anonymous_42)
FNDA:1,(anonymous_43)
FNDA:1,(anonymous_44)
FNDA:8,(anonymous_45)
FNDA:2,(anonymous_46)
FNDA:1,(anonymous_47)
FNDA:66,(anonymous_48)
FNDA:68,(anonymous_49)
FNDA:1,(anonymous_50)
FNDA:1,(anonymous_51)
FNDA:3,(anonymous_52)
FNDA:1,(anonymous_53)
FNDA:1,(anonymous_54)
FNDA:1,(anonymous_55)
DA:1,1
DA:9,1
DA:21,321
DA:22,47
DA:23,47
DA:24,47
DA:25,47
DA:27,47
DA:28,47
DA:29,47
DA:30,47
DA:31,47
DA:32,47
DA:33,47
DA:34,47
DA:35,47
DA:37,47
DA:38,47
DA:40,47
DA:47,47
DA:49,47
DA:50,47
DA:51,47
DA:54,47
DA:55,47
DA:56,47
DA:60,47
DA:63,47
DA:64,0
DA:65,47
DA:66,0
DA:68,47
DA:72,48
DA:73,48
DA:76,0
DA:77,0
DA:80,55
DA:81,55
DA:82,55
DA:89,54
DA:90,54
DA:91,54
DA:92,54
DA:93,54
DA:95,1
DA:100,1
DA:101,1
DA:105,616
DA:109,1
DA:110,1
DA:114,2
DA:115,2
DA:116,2
DA:117,2
DA:118,2
DA:120,1
DA:122,2
DA:126,260
DA:127,14
DA:131,132
DA:132,263
DA:136,132
DA:140,131
DA:144,131
DA:145,131
DA:149,133
DA:153,3
DA:154,3
DA:158,2
DA:159,2
DA:163,1
DA:178,1
DA:179,1
DA:180,1
DA:185,3
DA:186,3
DA:204,2
DA:205,2
DA:209,1
DA:210,1
DA:225,1
DA:226,1
DA:227,1
DA:232,2
DA:233,1
DA:238,6
DA:239,6
DA:240,6
DA:244,2
DA:245,1
DA:246,1
DA:247,1
DA:251,1
DA:252,1
DA:253,1
DA:257,1
DA:261,1
DA:262,1
DA:263,1
DA:267,3
DA:268,2
DA:269,2
DA:270,2
DA:271,2
DA:273,1
DA:274,1
DA:275,1
DA:276,1
DA:277,1
DA:280,1
DA:281,1
DA:282,1
DA:288,8
DA:289,2
DA:290,1
DA:294,2
DA:298,1
DA:302,66
DA:303,66
DA:307,68
DA:311,1
DA:312,1
DA:313,0
DA:314,0
DA:315,0
DA:316,0
DA:317,0
DA:318,0
DA:319,0
DA:323,3
DA:324,3
DA:326,1
DA:327,1
LF:133
LH:122
BRDA:83,0,0,55
BRDA:83,0,1,55
BRDA:84,1,0,55
BRDA:84,1,1,53
BRDA:85,2,0,55
BRDA:85,2,1,55
BRDA:86,3,0,55
BRDA:86,3,1,55
BRDA:91,4,0,52
BRDA:91,4,1,2
BRDA:105,5,0,616
BRDA:105,5,1,607
BRDA:105,5,2,595
BRDA:105,5,3,595
BRDA:114,6,0,1
BRDA:114,6,1,1
BRDA:117,7,0,1
BRDA:117,7,1,1
BRDA:126,8,0,249
BRDA:126,8,1,11
BRDA:131,9,0,1
BRDA:131,9,1,131
BRDA:136,10,0,132
BRDA:136,10,1,0
BRDA:140,11,0,131
BRDA:140,11,1,0
BRDA:144,12,0,131
BRDA:144,12,1,0
BRDA:164,13,0,1
BRDA:164,13,1,0
BRDA:165,14,0,1
BRDA:165,14,1,0
BRDA:166,15,0,1
BRDA:166,15,1,0
BRDA:167,16,0,1
BRDA:167,16,1,0
BRDA:169,17,0,1
BRDA:169,17,1,1
BRDA:170,18,0,1
BRDA:170,18,1,0
BRDA:171,19,0,1
BRDA:171,19,1,1
BRDA:172,20,0,1
BRDA:172,20,1,1
BRDA:173,21,0,1
BRDA:173,21,1,1
BRDA:174,22,0,1
BRDA:174,22,1,1
BRDA:175,23,0,1
BRDA:175,23,1,0
BRDA:194,24,0,3
BRDA:194,24,1,0
BRDA:195,25,0,3
BRDA:195,25,1,3
BRDA:196,26,0,3
BRDA:196,26,1,3
BRDA:197,27,0,3
BRDA:197,27,1,0
BRDA:209,28,0,0
BRDA:209,28,1,1
BRDA:211,29,0,1
BRDA:211,29,1,0
BRDA:212,30,0,1
BRDA:212,30,1,0
BRDA:213,31,0,1
BRDA:213,31,1,0
BRDA:214,32,0,1
BRDA:214,32,1,0
BRDA:215,33,0,1
BRDA:215,33,1,0
BRDA:216,34,0,1
BRDA:216,34,1,0
BRDA:217,35,0,1
BRDA:217,35,1,0
BRDA:218,36,0,1
BRDA:218,36,1,0
BRDA:219,37,0,1
BRDA:219,37,1,1
BRDA:220,38,0,1
BRDA:220,38,1,1
BRDA:221,39,0,1
BRDA:221,39,1,0
BRDA:222,40,0,1
BRDA:222,40,1,0
BRDA:223,41,0,1
BRDA:223,41,1,0
BRDA:232,42,0,1
BRDA:232,42,1,1
BRDA:244,43,0,1
BRDA:244,43,1,1
BRDA:252,44,0,1
BRDA:252,44,1,0
BRDA:262,45,0,1
BRDA:262,45,1,0
BRDA:267,46,0,1
BRDA:267,46,1,2
BRDA:281,47,0,1
BRDA:281,47,1,0
BRDA:288,48,0,6
BRDA:288,48,1,2
BRDA:289,49,0,1
BRDA:289,49,1,1
BRDA:312,50,0,1
BRDA:312,50,1,0
BRDA:315,51,0,0
BRDA:315,51,1,0
BRDA:317,52,0,0
BRDA:317,52,1,0
BRDA:323,53,0,1
BRDA:323,53,1,2
BRDA:326,54,0,1
BRDA:326,54,1,0
BRDA:327,55,0,0
BRDA:327,55,1,1
BRDA:21,56,0,47
BRDA:21,56,1,47
BRDA:21,57,0,47
BRDA:21,57,1,274
BRDA:21,58,0,1
BRDA:21,58,1,1
BRDA:21,58,2,1
BRDA:21,59,0,1
BRDA:21,59,1,1
BRDA:21,59,2,1
BRF:124
BRH:91
end_of_record
TN:
SF:src/app/services/candidate.service.ts
FN:17,(anonymous_0)
FN:19,(anonymous_1)
FN:28,(anonymous_2)
FN:36,(anonymous_3)
FN:40,(anonymous_4)
FN:44,(anonymous_5)
FN:48,(anonymous_6)
FN:52,(anonymous_7)
FN:56,(anonymous_8)
FNF:9
FNH:9
FNDA:76,(anonymous_0)
FNDA:58,(anonymous_1)
FNDA:20,(anonymous_2)
FNDA:2,(anonymous_3)
FNDA:2,(anonymous_4)
FNDA:3,(anonymous_5)
FNDA:1,(anonymous_6)
FNDA:3,(anonymous_7)
FNDA:3,(anonymous_8)
DA:1,3
DA:14,76
DA:15,76
DA:17,76
DA:20,58
DA:21,58
DA:22,58
DA:23,58
DA:24,58
DA:25,58
DA:29,20
DA:30,20
DA:31,1
DA:33,20
DA:37,2
DA:41,2
DA:45,3
DA:49,1
DA:53,3
DA:57,3
DA:58,3
DA:59,3
LF:22
LH:22
BRDA:21,0,0,2
BRDA:21,0,1,56
BRDA:22,1,0,3
BRDA:22,1,1,55
BRDA:23,2,0,1
BRDA:23,2,1,57
BRDA:24,3,0,1
BRDA:24,3,1,57
BRDA:30,4,0,1
BRDA:30,4,1,19
BRDA:14,5,0,76
BRDA:14,5,1,76
BRDA:14,6,0,3
BRDA:14,6,1,3
BRDA:14,6,2,3
BRF:15
BRH:15
end_of_record
TN:
SF:src/app/services/dashboard.service.ts
FN:8,(anonymous_0)
FN:10,(anonymous_1)
FNF:2
FNH:2
FNDA:13,(anonymous_0)
FNDA:12,(anonymous_1)
DA:1,2
DA:7,13
DA:8,13
DA:11,12
LF:4
LH:4
BRDA:7,0,0,13
BRDA:7,0,1,13
BRDA:7,1,0,2
BRDA:7,1,1,2
BRDA:7,1,2,2
BRF:5
BRH:5
end_of_record
TN:
SF:src/app/services/job.service.ts
FN:10,(anonymous_0)
FN:12,(anonymous_1)
FN:23,(anonymous_2)
FN:27,(anonymous_3)
FN:31,(anonymous_4)
FN:35,(anonymous_5)
FN:39,(anonymous_6)
FNF:7
FNH:7
FNDA:103,(anonymous_0)
FNDA:83,(anonymous_1)
FNDA:18,(anonymous_2)
FNDA:2,(anonymous_3)
FNDA:2,(anonymous_4)
FNDA:2,(anonymous_5)
FNDA:2,(anonymous_6)
DA:1,4
DA:7,103
DA:8,103
DA:10,103
DA:13,83
DA:14,83
DA:15,2
DA:17,83
DA:18,2
DA:20,83
DA:24,18
DA:28,2
DA:32,2
DA:36,2
DA:40,2
LF:15
LH:15
BRDA:14,0,0,2
BRDA:14,0,1,81
BRDA:17,1,0,2
BRDA:17,1,1,81
BRDA:7,2,0,103
BRDA:7,2,1,103
BRDA:7,3,0,4
BRDA:7,3,1,4
BRDA:7,3,2,4
BRF:9
BRH:9
end_of_record
